<?xml version="1.0" encoding="UTF-8"?>
<!-- Generated by org.testng.reporters.JUnitXMLReporter -->
<testsuite hostname="DELL" ignored="0" name="Tempfailedmyinfoscrrenshots" tests="7" failures="3" timestamp="26 Nov 2020 14:59:03 GMT" time="252.287" errors="0">
  <testcase name="validatemyinfodetails" time="6.248" classname="com.orangehrm.qa.tests.MyInfoDD_withDP"/>
  <testcase name="validatemyinfodetails" time="24.07" classname="com.orangehrm.qa.tests.MyInfoDD_withDP">
    <failure type="java.lang.AssertionError" message="couldnt save details.. expected [true] but found [false]">
      <![CDATA[java.lang.AssertionError: couldnt save details.. expected [true] but found [false]
	at com.orangehrm.qa.pages.MyInfo.validatingmyinfodetails(MyInfo.java:154)
	at com.orangehrm.qa.tests.MyInfoDD_withDP.validatemyinfodetails(MyInfoDD_withDP.java:48)
... Removed 28 stack frames]]>
    </failure>
  </testcase> <!-- validatemyinfodetails -->
  <testcase name="validatemyinfodetails" time="7.181" classname="com.orangehrm.qa.tests.MyInfoDD_withDP"/>
  <testcase name="validatemyinfodetails" time="7.675" classname="com.orangehrm.qa.tests.MyInfoDD_withDP"/>
  <testcase name="validatemyinfodetails" time="6.281" classname="com.orangehrm.qa.tests.MyInfoDD_withDP"/>
  <testcase name="validatemyinfodetails" time="24.106" classname="com.orangehrm.qa.tests.MyInfoDD_withDP">
    <failure type="java.lang.AssertionError" message="couldnt save details.. expected [true] but found [false]">
      <![CDATA[java.lang.AssertionError: couldnt save details.. expected [true] but found [false]
	at com.orangehrm.qa.pages.MyInfo.validatingmyinfodetails(MyInfo.java:154)
	at com.orangehrm.qa.tests.MyInfoDD_withDP.validatemyinfodetails(MyInfoDD_withDP.java:48)
... Removed 28 stack frames]]>
    </failure>
  </testcase> <!-- validatemyinfodetails -->
  <testcase name="validatemyinfodetails" time="24.087" classname="com.orangehrm.qa.tests.MyInfoDD_withDP">
    <failure type="java.lang.AssertionError" message="couldnt save details.. expected [true] but found [false]">
      <![CDATA[java.lang.AssertionError: couldnt save details.. expected [true] but found [false]
	at com.orangehrm.qa.pages.MyInfo.validatingmyinfodetails(MyInfo.java:154)
	at com.orangehrm.qa.tests.MyInfoDD_withDP.validatemyinfodetails(MyInfoDD_withDP.java:48)
... Removed 28 stack frames]]>
    </failure>
  </testcase> <!-- validatemyinfodetails -->
</testsuite> <!-- Tempfailedmyinfoscrrenshots -->
