<?xml version="1.0" encoding="UTF-8"?>
<!-- Generated by org.testng.reporters.JUnitXMLReporter -->
<testsuite hostname="DELL" ignored="0" name="Test" tests="20" failures="3" timestamp="28 Nov 2020 03:52:08 GMT" time="478.224" errors="0">
  <testcase name="verifyLoginIdPasswords" time="9.267" classname="com.orangehrm.qa.tests.LoginPageDDtest"/>
  <testcase name="verifyLoginIdPasswords" time="3.237" classname="com.orangehrm.qa.tests.LoginPageDDtest"/>
  <testcase name="verifyLoginIdPasswords" time="3.673" classname="com.orangehrm.qa.tests.LoginPageDDtest"/>
  <testcase name="verifyLoginIdPasswords" time="9.202" classname="com.orangehrm.qa.tests.LoginPageDDtest"/>
  <testcase name="addEmergencycontacts" time="4.212" classname="com.orangehrm.qa.tests.EmergencyContactsDDtest"/>
  <testcase name="addEmergencycontacts" time="5.778" classname="com.orangehrm.qa.tests.EmergencyContactsDDtest"/>
  <testcase name="validatemyinfodetails" time="6.813" classname="com.orangehrm.qa.tests.MyInfoPersonalDetailsDDtest"/>
  <testcase name="validatemyinfodetails" time="14.098" classname="com.orangehrm.qa.tests.MyInfoPersonalDetailsDDtest">
    <failure type="java.lang.AssertionError" message="couldnt save details.. expected [true] but found [false]">
      <![CDATA[java.lang.AssertionError: couldnt save details.. expected [true] but found [false]
	at com.orangehrm.qa.pages.MyInfo.validatingmyinfodetails(MyInfo.java:154)
	at com.orangehrm.qa.tests.MyInfoPersonalDetailsDDtest.validatemyinfodetails(MyInfoPersonalDetailsDDtest.java:48)
... Removed 28 stack frames]]>
    </failure>
  </testcase> <!-- validatemyinfodetails -->
  <testcase name="validatemyinfodetails" time="6.943" classname="com.orangehrm.qa.tests.MyInfoPersonalDetailsDDtest"/>
  <testcase name="validatemyinfodetails" time="6.431" classname="com.orangehrm.qa.tests.MyInfoPersonalDetailsDDtest"/>
  <testcase name="validatemyinfodetails" time="6.145" classname="com.orangehrm.qa.tests.MyInfoPersonalDetailsDDtest"/>
  <testcase name="validatemyinfodetails" time="14.067" classname="com.orangehrm.qa.tests.MyInfoPersonalDetailsDDtest">
    <failure type="java.lang.AssertionError" message="couldnt save details.. expected [true] but found [false]">
      <![CDATA[java.lang.AssertionError: couldnt save details.. expected [true] but found [false]
	at com.orangehrm.qa.pages.MyInfo.validatingmyinfodetails(MyInfo.java:154)
	at com.orangehrm.qa.tests.MyInfoPersonalDetailsDDtest.validatemyinfodetails(MyInfoPersonalDetailsDDtest.java:48)
... Removed 28 stack frames]]>
    </failure>
  </testcase> <!-- validatemyinfodetails -->
  <testcase name="validatemyinfodetails" time="14.236" classname="com.orangehrm.qa.tests.MyInfoPersonalDetailsDDtest">
    <failure type="java.lang.AssertionError" message="couldnt save details.. expected [true] but found [false]">
      <![CDATA[java.lang.AssertionError: couldnt save details.. expected [true] but found [false]
	at com.orangehrm.qa.pages.MyInfo.validatingmyinfodetails(MyInfo.java:154)
	at com.orangehrm.qa.tests.MyInfoPersonalDetailsDDtest.validatemyinfodetails(MyInfoPersonalDetailsDDtest.java:48)
... Removed 28 stack frames]]>
    </failure>
  </testcase> <!-- validatemyinfodetails -->
  <testcase name="uploadphotounder1mb" time="3.808" classname="com.orangehrm.qa.tests.MyInfo_PhotographTest"/>
  <testcase name="loginPageTitleTest" time="0.023" classname="com.orangehrm.qa.tests.LoginPageTests"/>
  <testcase name="uploadphotoover1mb" time="33.476" classname="com.orangehrm.qa.tests.MyInfo_PhotographTest"/>
  <testcase name="OHRMlogoImageTest" time="0.129" classname="com.orangehrm.qa.tests.LoginPageTests"/>
  <testcase name="loginTest" time="6.75" classname="com.orangehrm.qa.tests.LoginPageTests"/>
  <testcase name="validate_Forgotpasswordlink" time="1.29" classname="com.orangehrm.qa.tests.LoginPageTests"/>
  <testcase name="validate_invalidpwdmsg" time="2.35" classname="com.orangehrm.qa.tests.LoginPageTests"/>
</testsuite> <!-- Test -->
