<?xml version="1.0" encoding="UTF-8"?>
<testng-results skipped="2" failed="1" ignored="0" total="20" passed="17">
  <reporter-output>
  </reporter-output>
  <suite name="AllTestsSuite" duration-ms="406549" started-at="2020-11-28T05:54:47Z" finished-at="2020-11-28T06:01:34Z">
    <groups>
    </groups>
    <test name="Test" duration-ms="406549" started-at="2020-11-28T05:54:47Z" finished-at="2020-11-28T06:01:34Z">
      <class name="com.orangehrm.qa.tests.MyInfoPersonalDetailsDDtest">
        <test-method status="PASS" signature="setUp()[pri:0, instance:com.orangehrm.qa.tests.MyInfoPersonalDetailsDDtest@42d3bd8b]" name="setUp" is-config="true" duration-ms="16043" started-at="2020-11-28T11:27:52Z" finished-at="2020-11-28T11:28:08Z">
          <reporter-output>
          </reporter-output>
        </test-method> <!-- setUp -->
        <test-method status="PASS" signature="validatemyinfodetails(java.lang.String, java.lang.String, java.lang.String, java.lang.String, java.lang.String, java.lang.String)[pri:0, instance:com.orangehrm.qa.tests.MyInfoPersonalDetailsDDtest@42d3bd8b]" name="validatemyinfodetails" duration-ms="6397" started-at="2020-11-28T11:28:08Z" data-provider="test3data" finished-at="2020-11-28T11:28:14Z">
          <params>
            <param index="0">
              <value>
                <![CDATA[harish]]>
              </value>
            </param>
            <param index="1">
              <value>
                <![CDATA[1123]]>
              </value>
            </param>
            <param index="2">
              <value>
                <![CDATA[raut]]>
              </value>
            </param>
            <param index="3">
              <value>
                <![CDATA[2020-11-05]]>
              </value>
            </param>
            <param index="4">
              <value>
                <![CDATA[male]]>
              </value>
            </param>
            <param index="5">
              <value>
                <![CDATA[Indian]]>
              </value>
            </param>
          </params>
          <reporter-output>
          </reporter-output>
        </test-method> <!-- validatemyinfodetails -->
        <test-method status="PASS" signature="end()[pri:0, instance:com.orangehrm.qa.tests.MyInfoPersonalDetailsDDtest@42d3bd8b]" name="end" is-config="true" duration-ms="62" started-at="2020-11-28T11:28:15Z" finished-at="2020-11-28T11:28:15Z">
          <reporter-output>
          </reporter-output>
        </test-method> <!-- end -->
        <test-method status="PASS" signature="setUp()[pri:0, instance:com.orangehrm.qa.tests.MyInfoPersonalDetailsDDtest@42d3bd8b]" name="setUp" is-config="true" duration-ms="16569" started-at="2020-11-28T11:28:15Z" finished-at="2020-11-28T11:28:32Z">
          <reporter-output>
          </reporter-output>
        </test-method> <!-- setUp -->
        <test-method status="FAIL" signature="validatemyinfodetails(java.lang.String, java.lang.String, java.lang.String, java.lang.String, java.lang.String, java.lang.String)[pri:0, instance:com.orangehrm.qa.tests.MyInfoPersonalDetailsDDtest@42d3bd8b]" name="validatemyinfodetails" duration-ms="13990" started-at="2020-11-28T11:28:32Z" data-provider="test3data" finished-at="2020-11-28T11:28:46Z">
          <params>
            <param index="0">
              <value>
                <![CDATA[]]>
              </value>
            </param>
            <param index="1">
              <value>
                <![CDATA[bhagwan]]>
              </value>
            </param>
            <param index="2">
              <value>
                <![CDATA[patil]]>
              </value>
            </param>
            <param index="3">
              <value>
                <![CDATA[2019-10-06]]>
              </value>
            </param>
            <param index="4">
              <value>
                <![CDATA[male]]>
              </value>
            </param>
            <param index="5">
              <value>
                <![CDATA[Chinese]]>
              </value>
            </param>
          </params>
          <exception class="java.lang.AssertionError">
            <message>
              <![CDATA[couldnt save details.. expected [true] but found [false]]]>
            </message>
            <full-stacktrace>
              <![CDATA[java.lang.AssertionError: couldnt save details.. expected [true] but found [false]
	at org.testng.Assert.fail(Assert.java:93)
	at org.testng.Assert.failNotEquals(Assert.java:512)
	at org.testng.Assert.assertTrue(Assert.java:41)
	at com.orangehrm.qa.pages.MyInfo.validatingmyinfodetails(MyInfo.java:154)
	at com.orangehrm.qa.tests.MyInfoPersonalDetailsDDtest.validatemyinfodetails(MyInfoPersonalDetailsDDtest.java:48)
	at sun.reflect.NativeMethodAccessorImpl.invoke0(Native Method)
	at sun.reflect.NativeMethodAccessorImpl.invoke(NativeMethodAccessorImpl.java:62)
	at sun.reflect.DelegatingMethodAccessorImpl.invoke(DelegatingMethodAccessorImpl.java:43)
	at java.lang.reflect.Method.invoke(Method.java:498)
	at org.testng.internal.MethodInvocationHelper.invokeMethod(MethodInvocationHelper.java:108)
	at org.testng.internal.Invoker.invokeMethod(Invoker.java:661)
	at org.testng.internal.Invoker.invokeTestMethod(Invoker.java:869)
	at org.testng.internal.Invoker.invokeTestMethods(Invoker.java:1193)
	at org.testng.internal.TestMethodWorker.invokeTestMethods(TestMethodWorker.java:126)
	at org.testng.internal.TestMethodWorker.run(TestMethodWorker.java:109)
	at org.testng.TestRunner.privateRun(TestRunner.java:744)
	at org.testng.TestRunner.run(TestRunner.java:602)
	at org.testng.SuiteRunner.runTest(SuiteRunner.java:380)
	at org.testng.SuiteRunner.runSequentially(SuiteRunner.java:375)
	at org.testng.SuiteRunner.privateRun(SuiteRunner.java:340)
	at org.testng.SuiteRunner.run(SuiteRunner.java:289)
	at org.testng.SuiteRunnerWorker.runSuite(SuiteRunnerWorker.java:52)
	at org.testng.SuiteRunnerWorker.run(SuiteRunnerWorker.java:86)
	at org.testng.TestNG.runSuitesSequentially(TestNG.java:1301)
	at org.testng.TestNG.runSuitesLocally(TestNG.java:1226)
	at org.testng.TestNG.runSuites(TestNG.java:1144)
	at org.testng.TestNG.run(TestNG.java:1115)
	at org.apache.maven.surefire.testng.TestNGExecutor.run(TestNGExecutor.java:281)
	at org.apache.maven.surefire.testng.TestNGXmlTestSuite.execute(TestNGXmlTestSuite.java:75)
	at org.apache.maven.surefire.testng.TestNGProvider.invoke(TestNGProvider.java:121)
	at org.apache.maven.surefire.booter.ForkedBooter.invokeProviderInSameClassLoader(ForkedBooter.java:290)
	at org.apache.maven.surefire.booter.ForkedBooter.runSuitesInProcess(ForkedBooter.java:242)
	at org.apache.maven.surefire.booter.ForkedBooter.main(ForkedBooter.java:121)
]]>
            </full-stacktrace>
          </exception> <!-- java.lang.AssertionError -->
          <reporter-output>
          </reporter-output>
        </test-method> <!-- validatemyinfodetails -->
        <test-method status="PASS" signature="end()[pri:0, instance:com.orangehrm.qa.tests.MyInfoPersonalDetailsDDtest@42d3bd8b]" name="end" is-config="true" duration-ms="64" started-at="2020-11-28T11:28:46Z" finished-at="2020-11-28T11:28:46Z">
          <reporter-output>
          </reporter-output>
        </test-method> <!-- end -->
        <test-method status="PASS" signature="setUp()[pri:0, instance:com.orangehrm.qa.tests.MyInfoPersonalDetailsDDtest@42d3bd8b]" name="setUp" is-config="true" duration-ms="17038" started-at="2020-11-28T11:28:46Z" finished-at="2020-11-28T11:29:03Z">
          <reporter-output>
          </reporter-output>
        </test-method> <!-- setUp -->
        <test-method status="PASS" signature="validatemyinfodetails(java.lang.String, java.lang.String, java.lang.String, java.lang.String, java.lang.String, java.lang.String)[pri:0, instance:com.orangehrm.qa.tests.MyInfoPersonalDetailsDDtest@42d3bd8b]" name="validatemyinfodetails" duration-ms="5980" started-at="2020-11-28T11:29:03Z" data-provider="test3data" finished-at="2020-11-28T11:29:09Z">
          <params>
            <param index="0">
              <value>
                <![CDATA[randy]]>
              </value>
            </param>
            <param index="1">
              <value>
                <![CDATA[keith]]>
              </value>
            </param>
            <param index="2">
              <value>
                <![CDATA[5589]]>
              </value>
            </param>
            <param index="3">
              <value>
                <![CDATA[2018-12-09]]>
              </value>
            </param>
            <param index="4">
              <value>
                <![CDATA[male]]>
              </value>
            </param>
            <param index="5">
              <value>
                <![CDATA[Chinese]]>
              </value>
            </param>
          </params>
          <reporter-output>
          </reporter-output>
        </test-method> <!-- validatemyinfodetails -->
        <test-method status="PASS" signature="end()[pri:0, instance:com.orangehrm.qa.tests.MyInfoPersonalDetailsDDtest@42d3bd8b]" name="end" is-config="true" duration-ms="80" started-at="2020-11-28T11:29:10Z" finished-at="2020-11-28T11:29:10Z">
          <reporter-output>
          </reporter-output>
        </test-method> <!-- end -->
        <test-method status="PASS" signature="setUp()[pri:0, instance:com.orangehrm.qa.tests.MyInfoPersonalDetailsDDtest@42d3bd8b]" name="setUp" is-config="true" duration-ms="17702" started-at="2020-11-28T11:29:10Z" finished-at="2020-11-28T11:29:28Z">
          <reporter-output>
          </reporter-output>
        </test-method> <!-- setUp -->
        <test-method status="PASS" signature="validatemyinfodetails(java.lang.String, java.lang.String, java.lang.String, java.lang.String, java.lang.String, java.lang.String)[pri:0, instance:com.orangehrm.qa.tests.MyInfoPersonalDetailsDDtest@42d3bd8b]" name="validatemyinfodetails" duration-ms="5862" started-at="2020-11-28T11:29:28Z" data-provider="test3data" finished-at="2020-11-28T11:29:34Z">
          <params>
            <param index="0">
              <value>
                <![CDATA[kiran]]>
              </value>
            </param>
            <param index="1">
              <value>
                <![CDATA[jay]]>
              </value>
            </param>
            <param index="2">
              <value>
                <![CDATA[kamath]]>
              </value>
            </param>
            <param index="3">
              <value>
                <![CDATA[2020-11-04]]>
              </value>
            </param>
            <param index="4">
              <value>
                <![CDATA[female]]>
              </value>
            </param>
            <param index="5">
              <value>
                <![CDATA[American]]>
              </value>
            </param>
          </params>
          <reporter-output>
          </reporter-output>
        </test-method> <!-- validatemyinfodetails -->
        <test-method status="PASS" signature="end()[pri:0, instance:com.orangehrm.qa.tests.MyInfoPersonalDetailsDDtest@42d3bd8b]" name="end" is-config="true" duration-ms="66" started-at="2020-11-28T11:29:34Z" finished-at="2020-11-28T11:29:34Z">
          <reporter-output>
          </reporter-output>
        </test-method> <!-- end -->
        <test-method status="PASS" signature="setUp()[pri:0, instance:com.orangehrm.qa.tests.MyInfoPersonalDetailsDDtest@42d3bd8b]" name="setUp" is-config="true" duration-ms="18879" started-at="2020-11-28T11:29:34Z" finished-at="2020-11-28T11:29:53Z">
          <reporter-output>
          </reporter-output>
        </test-method> <!-- setUp -->
        <test-method status="PASS" signature="validatemyinfodetails(java.lang.String, java.lang.String, java.lang.String, java.lang.String, java.lang.String, java.lang.String)[pri:0, instance:com.orangehrm.qa.tests.MyInfoPersonalDetailsDDtest@42d3bd8b]" name="validatemyinfodetails" duration-ms="6037" started-at="2020-11-28T11:29:53Z" data-provider="test3data" finished-at="2020-11-28T11:29:59Z">
          <params>
            <param index="0">
              <value>
                <![CDATA[omkar]]>
              </value>
            </param>
            <param index="1">
              <value>
                <![CDATA[suresh]]>
              </value>
            </param>
            <param index="2">
              <value>
                <![CDATA[walunj]]>
              </value>
            </param>
            <param index="3">
              <value>
                <![CDATA[2019-05-10]]>
              </value>
            </param>
            <param index="4">
              <value>
                <![CDATA[male]]>
              </value>
            </param>
            <param index="5">
              <value>
                <![CDATA[British]]>
              </value>
            </param>
          </params>
          <reporter-output>
          </reporter-output>
        </test-method> <!-- validatemyinfodetails -->
        <test-method status="PASS" signature="end()[pri:0, instance:com.orangehrm.qa.tests.MyInfoPersonalDetailsDDtest@42d3bd8b]" name="end" is-config="true" duration-ms="131" started-at="2020-11-28T11:30:00Z" finished-at="2020-11-28T11:30:00Z">
          <reporter-output>
          </reporter-output>
        </test-method> <!-- end -->
        <test-method status="FAIL" signature="setUp()[pri:0, instance:com.orangehrm.qa.tests.MyInfoPersonalDetailsDDtest@42d3bd8b]" name="setUp" is-config="true" duration-ms="15449" started-at="2020-11-28T11:30:00Z" finished-at="2020-11-28T11:30:16Z">
          <exception class="org.openqa.selenium.NoSuchElementException">
            <message>
              <![CDATA[no such element: Unable to locate element: {"method":"css selector","selector":"#txtUsername"}
  (Session info: chrome=86.0.4240.198)
For documentation on this error, please visit: http://seleniumhq.org/exceptions/no_such_element.html
Build info: version: '3.14.0', revision: 'aacccce0', time: '2018-08-02T20:19:58.91Z'
System info: host: 'DELL', ip: '192.168.43.201', os.name: 'Windows 8', os.arch: 'amd64', os.version: '6.2', java.version: '1.8.0_171'
Driver info: org.openqa.selenium.chrome.ChromeDriver
Capabilities {acceptInsecureCerts: false, browserName: chrome, browserVersion: 86.0.4240.198, chrome: {chromedriverVersion: 86.0.4240.22 (398b0743353ff..., userDataDir: C:\Users\admin\AppData\Loca...}, goog:chromeOptions: {debuggerAddress: localhost:49502}, javascriptEnabled: true, networkConnectionEnabled: false, pageLoadStrategy: normal, platform: WINDOWS, platformName: WINDOWS, proxy: Proxy(), setWindowRect: true, strictFileInteractability: false, timeouts: {implicit: 0, pageLoad: 300000, script: 30000}, unhandledPromptBehavior: dismiss and notify, webauthn:virtualAuthenticators: true}
Session ID: 2b874fd5a11002b9b9e998535f5e2f53
*** Element info: {Using=id, value=txtUsername}]]>
            </message>
            <full-stacktrace>
              <![CDATA[org.openqa.selenium.NoSuchElementException: no such element: Unable to locate element: {"method":"css selector","selector":"#txtUsername"}
  (Session info: chrome=86.0.4240.198)
For documentation on this error, please visit: http://seleniumhq.org/exceptions/no_such_element.html
Build info: version: '3.14.0', revision: 'aacccce0', time: '2018-08-02T20:19:58.91Z'
System info: host: 'DELL', ip: '192.168.43.201', os.name: 'Windows 8', os.arch: 'amd64', os.version: '6.2', java.version: '1.8.0_171'
Driver info: org.openqa.selenium.chrome.ChromeDriver
Capabilities {acceptInsecureCerts: false, browserName: chrome, browserVersion: 86.0.4240.198, chrome: {chromedriverVersion: 86.0.4240.22 (398b0743353ff..., userDataDir: C:\Users\admin\AppData\Loca...}, goog:chromeOptions: {debuggerAddress: localhost:49502}, javascriptEnabled: true, networkConnectionEnabled: false, pageLoadStrategy: normal, platform: WINDOWS, platformName: WINDOWS, proxy: Proxy(), setWindowRect: true, strictFileInteractability: false, timeouts: {implicit: 0, pageLoad: 300000, script: 30000}, unhandledPromptBehavior: dismiss and notify, webauthn:virtualAuthenticators: true}
Session ID: 2b874fd5a11002b9b9e998535f5e2f53
*** Element info: {Using=id, value=txtUsername}
	at sun.reflect.NativeConstructorAccessorImpl.newInstance0(Native Method)
	at sun.reflect.NativeConstructorAccessorImpl.newInstance(NativeConstructorAccessorImpl.java:62)
	at sun.reflect.DelegatingConstructorAccessorImpl.newInstance(DelegatingConstructorAccessorImpl.java:45)
	at java.lang.reflect.Constructor.newInstance(Constructor.java:423)
	at org.openqa.selenium.remote.http.W3CHttpResponseCodec.createException(W3CHttpResponseCodec.java:187)
	at org.openqa.selenium.remote.http.W3CHttpResponseCodec.decode(W3CHttpResponseCodec.java:122)
	at org.openqa.selenium.remote.http.W3CHttpResponseCodec.decode(W3CHttpResponseCodec.java:49)
	at org.openqa.selenium.remote.HttpCommandExecutor.execute(HttpCommandExecutor.java:158)
	at org.openqa.selenium.remote.service.DriverCommandExecutor.execute(DriverCommandExecutor.java:83)
	at org.openqa.selenium.remote.RemoteWebDriver.execute(RemoteWebDriver.java:548)
	at org.openqa.selenium.remote.RemoteWebDriver.findElement(RemoteWebDriver.java:322)
	at org.openqa.selenium.remote.RemoteWebDriver.findElementById(RemoteWebDriver.java:368)
	at org.openqa.selenium.By$ById.findElement(By.java:188)
	at org.openqa.selenium.remote.RemoteWebDriver.findElement(RemoteWebDriver.java:314)
	at org.openqa.selenium.support.pagefactory.DefaultElementLocator.findElement(DefaultElementLocator.java:69)
	at org.openqa.selenium.support.pagefactory.internal.LocatingElementHandler.invoke(LocatingElementHandler.java:38)
	at com.sun.proxy.$Proxy9.sendKeys(Unknown Source)
	at com.orangehrm.qa.pages.LoginPage.login(LoginPage.java:100)
	at com.orangehrm.qa.tests.MyInfoPersonalDetailsDDtest.setUp(MyInfoPersonalDetailsDDtest.java:25)
	at sun.reflect.NativeMethodAccessorImpl.invoke0(Native Method)
	at sun.reflect.NativeMethodAccessorImpl.invoke(NativeMethodAccessorImpl.java:62)
	at sun.reflect.DelegatingMethodAccessorImpl.invoke(DelegatingMethodAccessorImpl.java:43)
	at java.lang.reflect.Method.invoke(Method.java:498)
	at org.testng.internal.MethodInvocationHelper.invokeMethod(MethodInvocationHelper.java:108)
	at org.testng.internal.Invoker.invokeConfigurationMethod(Invoker.java:523)
	at org.testng.internal.Invoker.invokeConfigurations(Invoker.java:224)
	at org.testng.internal.Invoker.invokeMethod(Invoker.java:599)
	at org.testng.internal.Invoker.invokeTestMethod(Invoker.java:869)
	at org.testng.internal.Invoker.invokeTestMethods(Invoker.java:1193)
	at org.testng.internal.TestMethodWorker.invokeTestMethods(TestMethodWorker.java:126)
	at org.testng.internal.TestMethodWorker.run(TestMethodWorker.java:109)
	at org.testng.TestRunner.privateRun(TestRunner.java:744)
	at org.testng.TestRunner.run(TestRunner.java:602)
	at org.testng.SuiteRunner.runTest(SuiteRunner.java:380)
	at org.testng.SuiteRunner.runSequentially(SuiteRunner.java:375)
	at org.testng.SuiteRunner.privateRun(SuiteRunner.java:340)
	at org.testng.SuiteRunner.run(SuiteRunner.java:289)
	at org.testng.SuiteRunnerWorker.runSuite(SuiteRunnerWorker.java:52)
	at org.testng.SuiteRunnerWorker.run(SuiteRunnerWorker.java:86)
	at org.testng.TestNG.runSuitesSequentially(TestNG.java:1301)
	at org.testng.TestNG.runSuitesLocally(TestNG.java:1226)
	at org.testng.TestNG.runSuites(TestNG.java:1144)
	at org.testng.TestNG.run(TestNG.java:1115)
	at org.apache.maven.surefire.testng.TestNGExecutor.run(TestNGExecutor.java:281)
	at org.apache.maven.surefire.testng.TestNGXmlTestSuite.execute(TestNGXmlTestSuite.java:75)
	at org.apache.maven.surefire.testng.TestNGProvider.invoke(TestNGProvider.java:121)
	at org.apache.maven.surefire.booter.ForkedBooter.invokeProviderInSameClassLoader(ForkedBooter.java:290)
	at org.apache.maven.surefire.booter.ForkedBooter.runSuitesInProcess(ForkedBooter.java:242)
	at org.apache.maven.surefire.booter.ForkedBooter.main(ForkedBooter.java:121)
]]>
            </full-stacktrace>
          </exception> <!-- org.openqa.selenium.NoSuchElementException -->
          <reporter-output>
          </reporter-output>
        </test-method> <!-- setUp -->
        <test-method status="SKIP" signature="validatemyinfodetails(java.lang.String, java.lang.String, java.lang.String, java.lang.String, java.lang.String, java.lang.String)[pri:0, instance:com.orangehrm.qa.tests.MyInfoPersonalDetailsDDtest@42d3bd8b]" name="validatemyinfodetails" duration-ms="1" started-at="2020-11-28T11:30:16Z" data-provider="test3data" finished-at="2020-11-28T11:30:16Z">
          <exception class="org.openqa.selenium.NoSuchElementException">
            <message>
              <![CDATA[no such element: Unable to locate element: {"method":"css selector","selector":"#txtUsername"}
  (Session info: chrome=86.0.4240.198)
For documentation on this error, please visit: http://seleniumhq.org/exceptions/no_such_element.html
Build info: version: '3.14.0', revision: 'aacccce0', time: '2018-08-02T20:19:58.91Z'
System info: host: 'DELL', ip: '192.168.43.201', os.name: 'Windows 8', os.arch: 'amd64', os.version: '6.2', java.version: '1.8.0_171'
Driver info: org.openqa.selenium.chrome.ChromeDriver
Capabilities {acceptInsecureCerts: false, browserName: chrome, browserVersion: 86.0.4240.198, chrome: {chromedriverVersion: 86.0.4240.22 (398b0743353ff..., userDataDir: C:\Users\admin\AppData\Loca...}, goog:chromeOptions: {debuggerAddress: localhost:49502}, javascriptEnabled: true, networkConnectionEnabled: false, pageLoadStrategy: normal, platform: WINDOWS, platformName: WINDOWS, proxy: Proxy(), setWindowRect: true, strictFileInteractability: false, timeouts: {implicit: 0, pageLoad: 300000, script: 30000}, unhandledPromptBehavior: dismiss and notify, webauthn:virtualAuthenticators: true}
Session ID: 2b874fd5a11002b9b9e998535f5e2f53
*** Element info: {Using=id, value=txtUsername}]]>
            </message>
            <full-stacktrace>
              <![CDATA[org.openqa.selenium.NoSuchElementException: no such element: Unable to locate element: {"method":"css selector","selector":"#txtUsername"}
  (Session info: chrome=86.0.4240.198)
For documentation on this error, please visit: http://seleniumhq.org/exceptions/no_such_element.html
Build info: version: '3.14.0', revision: 'aacccce0', time: '2018-08-02T20:19:58.91Z'
System info: host: 'DELL', ip: '192.168.43.201', os.name: 'Windows 8', os.arch: 'amd64', os.version: '6.2', java.version: '1.8.0_171'
Driver info: org.openqa.selenium.chrome.ChromeDriver
Capabilities {acceptInsecureCerts: false, browserName: chrome, browserVersion: 86.0.4240.198, chrome: {chromedriverVersion: 86.0.4240.22 (398b0743353ff..., userDataDir: C:\Users\admin\AppData\Loca...}, goog:chromeOptions: {debuggerAddress: localhost:49502}, javascriptEnabled: true, networkConnectionEnabled: false, pageLoadStrategy: normal, platform: WINDOWS, platformName: WINDOWS, proxy: Proxy(), setWindowRect: true, strictFileInteractability: false, timeouts: {implicit: 0, pageLoad: 300000, script: 30000}, unhandledPromptBehavior: dismiss and notify, webauthn:virtualAuthenticators: true}
Session ID: 2b874fd5a11002b9b9e998535f5e2f53
*** Element info: {Using=id, value=txtUsername}
	at sun.reflect.NativeConstructorAccessorImpl.newInstance0(Native Method)
	at sun.reflect.NativeConstructorAccessorImpl.newInstance(NativeConstructorAccessorImpl.java:62)
	at sun.reflect.DelegatingConstructorAccessorImpl.newInstance(DelegatingConstructorAccessorImpl.java:45)
	at java.lang.reflect.Constructor.newInstance(Constructor.java:423)
	at org.openqa.selenium.remote.http.W3CHttpResponseCodec.createException(W3CHttpResponseCodec.java:187)
	at org.openqa.selenium.remote.http.W3CHttpResponseCodec.decode(W3CHttpResponseCodec.java:122)
	at org.openqa.selenium.remote.http.W3CHttpResponseCodec.decode(W3CHttpResponseCodec.java:49)
	at org.openqa.selenium.remote.HttpCommandExecutor.execute(HttpCommandExecutor.java:158)
	at org.openqa.selenium.remote.service.DriverCommandExecutor.execute(DriverCommandExecutor.java:83)
	at org.openqa.selenium.remote.RemoteWebDriver.execute(RemoteWebDriver.java:548)
	at org.openqa.selenium.remote.RemoteWebDriver.findElement(RemoteWebDriver.java:322)
	at org.openqa.selenium.remote.RemoteWebDriver.findElementById(RemoteWebDriver.java:368)
	at org.openqa.selenium.By$ById.findElement(By.java:188)
	at org.openqa.selenium.remote.RemoteWebDriver.findElement(RemoteWebDriver.java:314)
	at org.openqa.selenium.support.pagefactory.DefaultElementLocator.findElement(DefaultElementLocator.java:69)
	at org.openqa.selenium.support.pagefactory.internal.LocatingElementHandler.invoke(LocatingElementHandler.java:38)
	at com.sun.proxy.$Proxy9.sendKeys(Unknown Source)
	at com.orangehrm.qa.pages.LoginPage.login(LoginPage.java:100)
	at com.orangehrm.qa.tests.MyInfoPersonalDetailsDDtest.setUp(MyInfoPersonalDetailsDDtest.java:25)
	at sun.reflect.NativeMethodAccessorImpl.invoke0(Native Method)
	at sun.reflect.NativeMethodAccessorImpl.invoke(NativeMethodAccessorImpl.java:62)
	at sun.reflect.DelegatingMethodAccessorImpl.invoke(DelegatingMethodAccessorImpl.java:43)
	at java.lang.reflect.Method.invoke(Method.java:498)
	at org.testng.internal.MethodInvocationHelper.invokeMethod(MethodInvocationHelper.java:108)
	at org.testng.internal.Invoker.invokeConfigurationMethod(Invoker.java:523)
	at org.testng.internal.Invoker.invokeConfigurations(Invoker.java:224)
	at org.testng.internal.Invoker.invokeMethod(Invoker.java:599)
	at org.testng.internal.Invoker.invokeTestMethod(Invoker.java:869)
	at org.testng.internal.Invoker.invokeTestMethods(Invoker.java:1193)
	at org.testng.internal.TestMethodWorker.invokeTestMethods(TestMethodWorker.java:126)
	at org.testng.internal.TestMethodWorker.run(TestMethodWorker.java:109)
	at org.testng.TestRunner.privateRun(TestRunner.java:744)
	at org.testng.TestRunner.run(TestRunner.java:602)
	at org.testng.SuiteRunner.runTest(SuiteRunner.java:380)
	at org.testng.SuiteRunner.runSequentially(SuiteRunner.java:375)
	at org.testng.SuiteRunner.privateRun(SuiteRunner.java:340)
	at org.testng.SuiteRunner.run(SuiteRunner.java:289)
	at org.testng.SuiteRunnerWorker.runSuite(SuiteRunnerWorker.java:52)
	at org.testng.SuiteRunnerWorker.run(SuiteRunnerWorker.java:86)
	at org.testng.TestNG.runSuitesSequentially(TestNG.java:1301)
	at org.testng.TestNG.runSuitesLocally(TestNG.java:1226)
	at org.testng.TestNG.runSuites(TestNG.java:1144)
	at org.testng.TestNG.run(TestNG.java:1115)
	at org.apache.maven.surefire.testng.TestNGExecutor.run(TestNGExecutor.java:281)
	at org.apache.maven.surefire.testng.TestNGXmlTestSuite.execute(TestNGXmlTestSuite.java:75)
	at org.apache.maven.surefire.testng.TestNGProvider.invoke(TestNGProvider.java:121)
	at org.apache.maven.surefire.booter.ForkedBooter.invokeProviderInSameClassLoader(ForkedBooter.java:290)
	at org.apache.maven.surefire.booter.ForkedBooter.runSuitesInProcess(ForkedBooter.java:242)
	at org.apache.maven.surefire.booter.ForkedBooter.main(ForkedBooter.java:121)
]]>
            </full-stacktrace>
          </exception> <!-- org.openqa.selenium.NoSuchElementException -->
          <reporter-output>
          </reporter-output>
        </test-method> <!-- validatemyinfodetails -->
        <test-method status="SKIP" signature="setUp()[pri:0, instance:com.orangehrm.qa.tests.MyInfoPersonalDetailsDDtest@42d3bd8b]" name="setUp" is-config="true" duration-ms="0" started-at="2020-11-28T11:30:16Z" finished-at="2020-11-28T11:30:16Z">
          <reporter-output>
          </reporter-output>
        </test-method> <!-- setUp -->
        <test-method status="SKIP" signature="validatemyinfodetails(java.lang.String, java.lang.String, java.lang.String, java.lang.String, java.lang.String, java.lang.String)[pri:0, instance:com.orangehrm.qa.tests.MyInfoPersonalDetailsDDtest@42d3bd8b]" name="validatemyinfodetails" duration-ms="0" started-at="2020-11-28T11:30:16Z" data-provider="test3data" finished-at="2020-11-28T11:30:16Z">
          <exception class="org.openqa.selenium.NoSuchElementException">
            <message>
              <![CDATA[no such element: Unable to locate element: {"method":"css selector","selector":"#txtUsername"}
  (Session info: chrome=86.0.4240.198)
For documentation on this error, please visit: http://seleniumhq.org/exceptions/no_such_element.html
Build info: version: '3.14.0', revision: 'aacccce0', time: '2018-08-02T20:19:58.91Z'
System info: host: 'DELL', ip: '192.168.43.201', os.name: 'Windows 8', os.arch: 'amd64', os.version: '6.2', java.version: '1.8.0_171'
Driver info: org.openqa.selenium.chrome.ChromeDriver
Capabilities {acceptInsecureCerts: false, browserName: chrome, browserVersion: 86.0.4240.198, chrome: {chromedriverVersion: 86.0.4240.22 (398b0743353ff..., userDataDir: C:\Users\admin\AppData\Loca...}, goog:chromeOptions: {debuggerAddress: localhost:49502}, javascriptEnabled: true, networkConnectionEnabled: false, pageLoadStrategy: normal, platform: WINDOWS, platformName: WINDOWS, proxy: Proxy(), setWindowRect: true, strictFileInteractability: false, timeouts: {implicit: 0, pageLoad: 300000, script: 30000}, unhandledPromptBehavior: dismiss and notify, webauthn:virtualAuthenticators: true}
Session ID: 2b874fd5a11002b9b9e998535f5e2f53
*** Element info: {Using=id, value=txtUsername}]]>
            </message>
            <full-stacktrace>
              <![CDATA[org.openqa.selenium.NoSuchElementException: no such element: Unable to locate element: {"method":"css selector","selector":"#txtUsername"}
  (Session info: chrome=86.0.4240.198)
For documentation on this error, please visit: http://seleniumhq.org/exceptions/no_such_element.html
Build info: version: '3.14.0', revision: 'aacccce0', time: '2018-08-02T20:19:58.91Z'
System info: host: 'DELL', ip: '192.168.43.201', os.name: 'Windows 8', os.arch: 'amd64', os.version: '6.2', java.version: '1.8.0_171'
Driver info: org.openqa.selenium.chrome.ChromeDriver
Capabilities {acceptInsecureCerts: false, browserName: chrome, browserVersion: 86.0.4240.198, chrome: {chromedriverVersion: 86.0.4240.22 (398b0743353ff..., userDataDir: C:\Users\admin\AppData\Loca...}, goog:chromeOptions: {debuggerAddress: localhost:49502}, javascriptEnabled: true, networkConnectionEnabled: false, pageLoadStrategy: normal, platform: WINDOWS, platformName: WINDOWS, proxy: Proxy(), setWindowRect: true, strictFileInteractability: false, timeouts: {implicit: 0, pageLoad: 300000, script: 30000}, unhandledPromptBehavior: dismiss and notify, webauthn:virtualAuthenticators: true}
Session ID: 2b874fd5a11002b9b9e998535f5e2f53
*** Element info: {Using=id, value=txtUsername}
	at sun.reflect.NativeConstructorAccessorImpl.newInstance0(Native Method)
	at sun.reflect.NativeConstructorAccessorImpl.newInstance(NativeConstructorAccessorImpl.java:62)
	at sun.reflect.DelegatingConstructorAccessorImpl.newInstance(DelegatingConstructorAccessorImpl.java:45)
	at java.lang.reflect.Constructor.newInstance(Constructor.java:423)
	at org.openqa.selenium.remote.http.W3CHttpResponseCodec.createException(W3CHttpResponseCodec.java:187)
	at org.openqa.selenium.remote.http.W3CHttpResponseCodec.decode(W3CHttpResponseCodec.java:122)
	at org.openqa.selenium.remote.http.W3CHttpResponseCodec.decode(W3CHttpResponseCodec.java:49)
	at org.openqa.selenium.remote.HttpCommandExecutor.execute(HttpCommandExecutor.java:158)
	at org.openqa.selenium.remote.service.DriverCommandExecutor.execute(DriverCommandExecutor.java:83)
	at org.openqa.selenium.remote.RemoteWebDriver.execute(RemoteWebDriver.java:548)
	at org.openqa.selenium.remote.RemoteWebDriver.findElement(RemoteWebDriver.java:322)
	at org.openqa.selenium.remote.RemoteWebDriver.findElementById(RemoteWebDriver.java:368)
	at org.openqa.selenium.By$ById.findElement(By.java:188)
	at org.openqa.selenium.remote.RemoteWebDriver.findElement(RemoteWebDriver.java:314)
	at org.openqa.selenium.support.pagefactory.DefaultElementLocator.findElement(DefaultElementLocator.java:69)
	at org.openqa.selenium.support.pagefactory.internal.LocatingElementHandler.invoke(LocatingElementHandler.java:38)
	at com.sun.proxy.$Proxy9.sendKeys(Unknown Source)
	at com.orangehrm.qa.pages.LoginPage.login(LoginPage.java:100)
	at com.orangehrm.qa.tests.MyInfoPersonalDetailsDDtest.setUp(MyInfoPersonalDetailsDDtest.java:25)
	at sun.reflect.NativeMethodAccessorImpl.invoke0(Native Method)
	at sun.reflect.NativeMethodAccessorImpl.invoke(NativeMethodAccessorImpl.java:62)
	at sun.reflect.DelegatingMethodAccessorImpl.invoke(DelegatingMethodAccessorImpl.java:43)
	at java.lang.reflect.Method.invoke(Method.java:498)
	at org.testng.internal.MethodInvocationHelper.invokeMethod(MethodInvocationHelper.java:108)
	at org.testng.internal.Invoker.invokeConfigurationMethod(Invoker.java:523)
	at org.testng.internal.Invoker.invokeConfigurations(Invoker.java:224)
	at org.testng.internal.Invoker.invokeMethod(Invoker.java:599)
	at org.testng.internal.Invoker.invokeTestMethod(Invoker.java:869)
	at org.testng.internal.Invoker.invokeTestMethods(Invoker.java:1193)
	at org.testng.internal.TestMethodWorker.invokeTestMethods(TestMethodWorker.java:126)
	at org.testng.internal.TestMethodWorker.run(TestMethodWorker.java:109)
	at org.testng.TestRunner.privateRun(TestRunner.java:744)
	at org.testng.TestRunner.run(TestRunner.java:602)
	at org.testng.SuiteRunner.runTest(SuiteRunner.java:380)
	at org.testng.SuiteRunner.runSequentially(SuiteRunner.java:375)
	at org.testng.SuiteRunner.privateRun(SuiteRunner.java:340)
	at org.testng.SuiteRunner.run(SuiteRunner.java:289)
	at org.testng.SuiteRunnerWorker.runSuite(SuiteRunnerWorker.java:52)
	at org.testng.SuiteRunnerWorker.run(SuiteRunnerWorker.java:86)
	at org.testng.TestNG.runSuitesSequentially(TestNG.java:1301)
	at org.testng.TestNG.runSuitesLocally(TestNG.java:1226)
	at org.testng.TestNG.runSuites(TestNG.java:1144)
	at org.testng.TestNG.run(TestNG.java:1115)
	at org.apache.maven.surefire.testng.TestNGExecutor.run(TestNGExecutor.java:281)
	at org.apache.maven.surefire.testng.TestNGXmlTestSuite.execute(TestNGXmlTestSuite.java:75)
	at org.apache.maven.surefire.testng.TestNGProvider.invoke(TestNGProvider.java:121)
	at org.apache.maven.surefire.booter.ForkedBooter.invokeProviderInSameClassLoader(ForkedBooter.java:290)
	at org.apache.maven.surefire.booter.ForkedBooter.runSuitesInProcess(ForkedBooter.java:242)
	at org.apache.maven.surefire.booter.ForkedBooter.main(ForkedBooter.java:121)
]]>
            </full-stacktrace>
          </exception> <!-- org.openqa.selenium.NoSuchElementException -->
          <reporter-output>
          </reporter-output>
        </test-method> <!-- validatemyinfodetails -->
      </class> <!-- com.orangehrm.qa.tests.MyInfoPersonalDetailsDDtest -->
      <class name="com.orangehrm.qa.tests.EmergencyContactsDDtest">
        <test-method status="PASS" signature="setUp()[pri:0, instance:com.orangehrm.qa.tests.EmergencyContactsDDtest@73f792cf]" name="setUp" is-config="true" duration-ms="31060" started-at="2020-11-28T11:24:47Z" finished-at="2020-11-28T11:25:19Z">
          <reporter-output>
          </reporter-output>
        </test-method> <!-- setUp -->
        <test-method status="PASS" signature="addEmergencycontacts(java.lang.String, java.lang.String, java.lang.String)[pri:0, instance:com.orangehrm.qa.tests.EmergencyContactsDDtest@73f792cf]" name="addEmergencycontacts" duration-ms="4202" started-at="2020-11-28T11:27:44Z" data-provider="test1data" finished-at="2020-11-28T11:27:48Z">
          <params>
            <param index="0">
              <value>
                <![CDATA[Sunny]]>
              </value>
            </param>
            <param index="1">
              <value>
                <![CDATA[wife]]>
              </value>
            </param>
            <param index="2">
              <value>
                <![CDATA[101213141516]]>
              </value>
            </param>
          </params>
          <reporter-output>
          </reporter-output>
        </test-method> <!-- addEmergencycontacts -->
        <test-method status="PASS" signature="addEmergencycontacts(java.lang.String, java.lang.String, java.lang.String)[pri:0, instance:com.orangehrm.qa.tests.EmergencyContactsDDtest@73f792cf]" name="addEmergencycontacts" duration-ms="3430" started-at="2020-11-28T11:27:48Z" data-provider="test1data" finished-at="2020-11-28T11:27:52Z">
          <params>
            <param index="0">
              <value>
                <![CDATA[lena]]>
              </value>
            </param>
            <param index="1">
              <value>
                <![CDATA[girlfriend]]>
              </value>
            </param>
            <param index="2">
              <value>
                <![CDATA[458446544652]]>
              </value>
            </param>
          </params>
          <reporter-output>
          </reporter-output>
        </test-method> <!-- addEmergencycontacts -->
        <test-method status="FAIL" signature="end()[pri:0, instance:com.orangehrm.qa.tests.EmergencyContactsDDtest@73f792cf]" name="end" is-config="true" duration-ms="1" started-at="2020-11-28T11:31:34Z" finished-at="2020-11-28T11:31:34Z">
          <exception class="org.openqa.selenium.NoSuchSessionException">
            <message>
              <![CDATA[Session ID is null. Using WebDriver after calling quit()?
Build info: version: '3.14.0', revision: 'aacccce0', time: '2018-08-02T20:19:58.91Z'
System info: host: 'DELL', ip: '192.168.43.201', os.name: 'Windows 8', os.arch: 'amd64', os.version: '6.2', java.version: '1.8.0_171'
Driver info: driver.version: RemoteWebDriver]]>
            </message>
            <full-stacktrace>
              <![CDATA[org.openqa.selenium.NoSuchSessionException: Session ID is null. Using WebDriver after calling quit()?
Build info: version: '3.14.0', revision: 'aacccce0', time: '2018-08-02T20:19:58.91Z'
System info: host: 'DELL', ip: '192.168.43.201', os.name: 'Windows 8', os.arch: 'amd64', os.version: '6.2', java.version: '1.8.0_171'
Driver info: driver.version: RemoteWebDriver
	at org.openqa.selenium.remote.HttpCommandExecutor.execute(HttpCommandExecutor.java:125)
	at org.openqa.selenium.remote.service.DriverCommandExecutor.execute(DriverCommandExecutor.java:83)
	at org.openqa.selenium.remote.RemoteWebDriver.execute(RemoteWebDriver.java:548)
	at org.openqa.selenium.remote.RemoteWebDriver.execute(RemoteWebDriver.java:605)
	at org.openqa.selenium.remote.RemoteWebDriver.close(RemoteWebDriver.java:438)
	at com.orangehrm.qa.tests.EmergencyContactsDDtest.end(EmergencyContactsDDtest.java:74)
	at sun.reflect.NativeMethodAccessorImpl.invoke0(Native Method)
	at sun.reflect.NativeMethodAccessorImpl.invoke(NativeMethodAccessorImpl.java:62)
	at sun.reflect.DelegatingMethodAccessorImpl.invoke(DelegatingMethodAccessorImpl.java:43)
	at java.lang.reflect.Method.invoke(Method.java:498)
	at org.testng.internal.MethodInvocationHelper.invokeMethod(MethodInvocationHelper.java:108)
	at org.testng.internal.Invoker.invokeConfigurationMethod(Invoker.java:523)
	at org.testng.internal.Invoker.invokeConfigurations(Invoker.java:224)
	at org.testng.internal.Invoker.invokeConfigurations(Invoker.java:146)
	at org.testng.TestRunner.afterRun(TestRunner.java:958)
	at org.testng.TestRunner.run(TestRunner.java:606)
	at org.testng.SuiteRunner.runTest(SuiteRunner.java:380)
	at org.testng.SuiteRunner.runSequentially(SuiteRunner.java:375)
	at org.testng.SuiteRunner.privateRun(SuiteRunner.java:340)
	at org.testng.SuiteRunner.run(SuiteRunner.java:289)
	at org.testng.SuiteRunnerWorker.runSuite(SuiteRunnerWorker.java:52)
	at org.testng.SuiteRunnerWorker.run(SuiteRunnerWorker.java:86)
	at org.testng.TestNG.runSuitesSequentially(TestNG.java:1301)
	at org.testng.TestNG.runSuitesLocally(TestNG.java:1226)
	at org.testng.TestNG.runSuites(TestNG.java:1144)
	at org.testng.TestNG.run(TestNG.java:1115)
	at org.apache.maven.surefire.testng.TestNGExecutor.run(TestNGExecutor.java:281)
	at org.apache.maven.surefire.testng.TestNGXmlTestSuite.execute(TestNGXmlTestSuite.java:75)
	at org.apache.maven.surefire.testng.TestNGProvider.invoke(TestNGProvider.java:121)
	at org.apache.maven.surefire.booter.ForkedBooter.invokeProviderInSameClassLoader(ForkedBooter.java:290)
	at org.apache.maven.surefire.booter.ForkedBooter.runSuitesInProcess(ForkedBooter.java:242)
	at org.apache.maven.surefire.booter.ForkedBooter.main(ForkedBooter.java:121)
]]>
            </full-stacktrace>
          </exception> <!-- org.openqa.selenium.NoSuchSessionException -->
          <reporter-output>
          </reporter-output>
        </test-method> <!-- end -->
      </class> <!-- com.orangehrm.qa.tests.EmergencyContactsDDtest -->
      <class name="com.orangehrm.qa.tests.MyInfo_PhotographTest">
        <test-method status="PASS" signature="StartUp()[pri:0, instance:com.orangehrm.qa.tests.MyInfo_PhotographTest@2ed94a8b]" name="StartUp" is-config="true" duration-ms="24750" started-at="2020-11-28T11:25:19Z" finished-at="2020-11-28T11:25:43Z">
          <reporter-output>
          </reporter-output>
        </test-method> <!-- StartUp -->
        <test-method status="PASS" signature="uploadphotoover1mb()[pri:0, instance:com.orangehrm.qa.tests.MyInfo_PhotographTest@2ed94a8b]" name="uploadphotoover1mb" duration-ms="22550" started-at="2020-11-28T11:25:43Z" finished-at="2020-11-28T11:26:06Z">
          <reporter-output>
          </reporter-output>
        </test-method> <!-- uploadphotoover1mb -->
        <test-method status="PASS" signature="End()[pri:0, instance:com.orangehrm.qa.tests.MyInfo_PhotographTest@2ed94a8b]" name="End" is-config="true" duration-ms="116" started-at="2020-11-28T11:26:07Z" finished-at="2020-11-28T11:26:07Z">
          <reporter-output>
          </reporter-output>
        </test-method> <!-- End -->
        <test-method status="PASS" signature="StartUp()[pri:0, instance:com.orangehrm.qa.tests.MyInfo_PhotographTest@2ed94a8b]" name="StartUp" is-config="true" duration-ms="20209" started-at="2020-11-28T11:26:07Z" finished-at="2020-11-28T11:26:27Z">
          <reporter-output>
          </reporter-output>
        </test-method> <!-- StartUp -->
        <test-method status="PASS" signature="uploadphotounder1mb()[pri:0, instance:com.orangehrm.qa.tests.MyInfo_PhotographTest@2ed94a8b]" name="uploadphotounder1mb" duration-ms="4932" started-at="2020-11-28T11:26:27Z" finished-at="2020-11-28T11:26:32Z">
          <reporter-output>
          </reporter-output>
        </test-method> <!-- uploadphotounder1mb -->
        <test-method status="PASS" signature="End()[pri:0, instance:com.orangehrm.qa.tests.MyInfo_PhotographTest@2ed94a8b]" name="End" is-config="true" duration-ms="86" started-at="2020-11-28T11:26:32Z" finished-at="2020-11-28T11:26:32Z">
          <reporter-output>
          </reporter-output>
        </test-method> <!-- End -->
      </class> <!-- com.orangehrm.qa.tests.MyInfo_PhotographTest -->
      <class name="com.orangehrm.qa.tests.LoginPageDDtest">
        <test-method status="PASS" signature="start()[pri:0, instance:com.orangehrm.qa.tests.LoginPageDDtest@38082d64]" name="start" is-config="true" duration-ms="8661" started-at="2020-11-28T11:26:35Z" finished-at="2020-11-28T11:26:44Z">
          <reporter-output>
          </reporter-output>
        </test-method> <!-- start -->
        <test-method status="PASS" signature="verifyLoginIdPasswords(java.lang.String, java.lang.String)[pri:0, instance:com.orangehrm.qa.tests.LoginPageDDtest@38082d64]" name="verifyLoginIdPasswords" duration-ms="9579" started-at="2020-11-28T11:26:44Z" data-provider="test2data" finished-at="2020-11-28T11:26:53Z">
          <params>
            <param index="0">
              <value>
                <![CDATA[Admin]]>
              </value>
            </param>
            <param index="1">
              <value>
                <![CDATA[admin123]]>
              </value>
            </param>
          </params>
          <reporter-output>
          </reporter-output>
        </test-method> <!-- verifyLoginIdPasswords -->
        <test-method status="PASS" signature="end()[pri:0, instance:com.orangehrm.qa.tests.LoginPageDDtest@38082d64]" name="end" is-config="true" duration-ms="113" started-at="2020-11-28T11:26:54Z" finished-at="2020-11-28T11:26:54Z">
          <reporter-output>
          </reporter-output>
        </test-method> <!-- end -->
        <test-method status="PASS" signature="start()[pri:0, instance:com.orangehrm.qa.tests.LoginPageDDtest@38082d64]" name="start" is-config="true" duration-ms="8254" started-at="2020-11-28T11:26:54Z" finished-at="2020-11-28T11:27:02Z">
          <reporter-output>
          </reporter-output>
        </test-method> <!-- start -->
        <test-method status="PASS" signature="verifyLoginIdPasswords(java.lang.String, java.lang.String)[pri:0, instance:com.orangehrm.qa.tests.LoginPageDDtest@38082d64]" name="verifyLoginIdPasswords" duration-ms="2511" started-at="2020-11-28T11:27:02Z" data-provider="test2data" finished-at="2020-11-28T11:27:05Z">
          <params>
            <param index="0">
              <value>
                <![CDATA[admin]]>
              </value>
            </param>
            <param index="1">
              <value>
                <![CDATA[admin12]]>
              </value>
            </param>
          </params>
          <reporter-output>
          </reporter-output>
        </test-method> <!-- verifyLoginIdPasswords -->
        <test-method status="PASS" signature="end()[pri:0, instance:com.orangehrm.qa.tests.LoginPageDDtest@38082d64]" name="end" is-config="true" duration-ms="131" started-at="2020-11-28T11:27:05Z" finished-at="2020-11-28T11:27:05Z">
          <reporter-output>
          </reporter-output>
        </test-method> <!-- end -->
        <test-method status="PASS" signature="start()[pri:0, instance:com.orangehrm.qa.tests.LoginPageDDtest@38082d64]" name="start" is-config="true" duration-ms="14776" started-at="2020-11-28T11:27:05Z" finished-at="2020-11-28T11:27:20Z">
          <reporter-output>
          </reporter-output>
        </test-method> <!-- start -->
        <test-method status="PASS" signature="verifyLoginIdPasswords(java.lang.String, java.lang.String)[pri:0, instance:com.orangehrm.qa.tests.LoginPageDDtest@38082d64]" name="verifyLoginIdPasswords" duration-ms="3543" started-at="2020-11-28T11:27:20Z" data-provider="test2data" finished-at="2020-11-28T11:27:24Z">
          <params>
            <param index="0">
              <value>
                <![CDATA[harish]]>
              </value>
            </param>
            <param index="1">
              <value>
                <![CDATA[callme]]>
              </value>
            </param>
          </params>
          <reporter-output>
          </reporter-output>
        </test-method> <!-- verifyLoginIdPasswords -->
        <test-method status="PASS" signature="end()[pri:0, instance:com.orangehrm.qa.tests.LoginPageDDtest@38082d64]" name="end" is-config="true" duration-ms="52" started-at="2020-11-28T11:27:24Z" finished-at="2020-11-28T11:27:24Z">
          <reporter-output>
          </reporter-output>
        </test-method> <!-- end -->
        <test-method status="PASS" signature="start()[pri:0, instance:com.orangehrm.qa.tests.LoginPageDDtest@38082d64]" name="start" is-config="true" duration-ms="9878" started-at="2020-11-28T11:27:24Z" finished-at="2020-11-28T11:27:34Z">
          <reporter-output>
          </reporter-output>
        </test-method> <!-- start -->
        <test-method status="PASS" signature="verifyLoginIdPasswords(java.lang.String, java.lang.String)[pri:0, instance:com.orangehrm.qa.tests.LoginPageDDtest@38082d64]" name="verifyLoginIdPasswords" duration-ms="8569" started-at="2020-11-28T11:27:34Z" data-provider="test2data" finished-at="2020-11-28T11:27:43Z">
          <params>
            <param index="0">
              <value>
                <![CDATA[Admin]]>
              </value>
            </param>
            <param index="1">
              <value>
                <![CDATA[admin123]]>
              </value>
            </param>
          </params>
          <reporter-output>
          </reporter-output>
        </test-method> <!-- verifyLoginIdPasswords -->
        <test-method status="PASS" signature="end()[pri:0, instance:com.orangehrm.qa.tests.LoginPageDDtest@38082d64]" name="end" is-config="true" duration-ms="96" started-at="2020-11-28T11:27:44Z" finished-at="2020-11-28T11:27:44Z">
          <reporter-output>
          </reporter-output>
        </test-method> <!-- end -->
      </class> <!-- com.orangehrm.qa.tests.LoginPageDDtest -->
      <class name="com.orangehrm.qa.tests.LoginPageTests">
        <test-method status="PASS" signature="setUp()[pri:0, instance:com.orangehrm.qa.tests.LoginPageTests@dfd3711]" name="setUp" is-config="true" duration-ms="9361" started-at="2020-11-28T11:30:16Z" finished-at="2020-11-28T11:30:25Z">
          <reporter-output>
          </reporter-output>
        </test-method> <!-- setUp -->
        <test-method status="PASS" signature="loginPageTitleTest()[pri:1, instance:com.orangehrm.qa.tests.LoginPageTests@dfd3711]" name="loginPageTitleTest" duration-ms="19" started-at="2020-11-28T11:30:25Z" finished-at="2020-11-28T11:30:25Z">
          <reporter-output>
          </reporter-output>
        </test-method> <!-- loginPageTitleTest -->
        <test-method status="PASS" signature="tearDown()[pri:0, instance:com.orangehrm.qa.tests.LoginPageTests@dfd3711]" name="tearDown" is-config="true" duration-ms="1317" started-at="2020-11-28T11:30:26Z" finished-at="2020-11-28T11:30:27Z">
          <reporter-output>
          </reporter-output>
        </test-method> <!-- tearDown -->
        <test-method status="PASS" signature="setUp()[pri:0, instance:com.orangehrm.qa.tests.LoginPageTests@dfd3711]" name="setUp" is-config="true" duration-ms="13087" started-at="2020-11-28T11:30:27Z" finished-at="2020-11-28T11:30:40Z">
          <reporter-output>
          </reporter-output>
        </test-method> <!-- setUp -->
        <test-method status="PASS" signature="OHRMlogoImageTest()[pri:2, instance:com.orangehrm.qa.tests.LoginPageTests@dfd3711]" name="OHRMlogoImageTest" duration-ms="134" started-at="2020-11-28T11:30:40Z" finished-at="2020-11-28T11:30:40Z">
          <reporter-output>
          </reporter-output>
        </test-method> <!-- OHRMlogoImageTest -->
        <test-method status="PASS" signature="tearDown()[pri:0, instance:com.orangehrm.qa.tests.LoginPageTests@dfd3711]" name="tearDown" is-config="true" duration-ms="1000" started-at="2020-11-28T11:30:41Z" finished-at="2020-11-28T11:30:42Z">
          <reporter-output>
          </reporter-output>
        </test-method> <!-- tearDown -->
        <test-method status="PASS" signature="setUp()[pri:0, instance:com.orangehrm.qa.tests.LoginPageTests@dfd3711]" name="setUp" is-config="true" duration-ms="10271" started-at="2020-11-28T11:30:42Z" finished-at="2020-11-28T11:30:52Z">
          <reporter-output>
          </reporter-output>
        </test-method> <!-- setUp -->
        <test-method status="PASS" signature="loginTest()[pri:3, instance:com.orangehrm.qa.tests.LoginPageTests@dfd3711]" name="loginTest" duration-ms="5905" started-at="2020-11-28T11:30:52Z" finished-at="2020-11-28T11:30:58Z">
          <reporter-output>
          </reporter-output>
        </test-method> <!-- loginTest -->
        <test-method status="PASS" signature="tearDown()[pri:0, instance:com.orangehrm.qa.tests.LoginPageTests@dfd3711]" name="tearDown" is-config="true" duration-ms="1098" started-at="2020-11-28T11:30:58Z" finished-at="2020-11-28T11:31:00Z">
          <reporter-output>
          </reporter-output>
        </test-method> <!-- tearDown -->
        <test-method status="PASS" signature="setUp()[pri:0, instance:com.orangehrm.qa.tests.LoginPageTests@dfd3711]" name="setUp" is-config="true" duration-ms="9235" started-at="2020-11-28T11:31:00Z" finished-at="2020-11-28T11:31:09Z">
          <reporter-output>
          </reporter-output>
        </test-method> <!-- setUp -->
        <test-method status="PASS" signature="validate_Forgotpasswordlink()[pri:4, instance:com.orangehrm.qa.tests.LoginPageTests@dfd3711]" name="validate_Forgotpasswordlink" duration-ms="1221" started-at="2020-11-28T11:31:09Z" finished-at="2020-11-28T11:31:10Z">
          <reporter-output>
          </reporter-output>
        </test-method> <!-- validate_Forgotpasswordlink -->
        <test-method status="PASS" signature="tearDown()[pri:0, instance:com.orangehrm.qa.tests.LoginPageTests@dfd3711]" name="tearDown" is-config="true" duration-ms="1193" started-at="2020-11-28T11:31:11Z" finished-at="2020-11-28T11:31:12Z">
          <reporter-output>
          </reporter-output>
        </test-method> <!-- tearDown -->
        <test-method status="PASS" signature="setUp()[pri:0, instance:com.orangehrm.qa.tests.LoginPageTests@dfd3711]" name="setUp" is-config="true" duration-ms="17910" started-at="2020-11-28T11:31:12Z" finished-at="2020-11-28T11:31:30Z">
          <reporter-output>
          </reporter-output>
        </test-method> <!-- setUp -->
        <test-method status="PASS" signature="validate_invalidpwdmsg()[pri:5, instance:com.orangehrm.qa.tests.LoginPageTests@dfd3711]" name="validate_invalidpwdmsg" duration-ms="2641" started-at="2020-11-28T11:31:30Z" finished-at="2020-11-28T11:31:32Z">
          <reporter-output>
          </reporter-output>
        </test-method> <!-- validate_invalidpwdmsg -->
        <test-method status="PASS" signature="tearDown()[pri:0, instance:com.orangehrm.qa.tests.LoginPageTests@dfd3711]" name="tearDown" is-config="true" duration-ms="1020" started-at="2020-11-28T11:31:33Z" finished-at="2020-11-28T11:31:34Z">
          <reporter-output>
          </reporter-output>
        </test-method> <!-- tearDown -->
      </class> <!-- com.orangehrm.qa.tests.LoginPageTests -->
    </test> <!-- Test -->
  </suite> <!-- AllTestsSuite -->
</testng-results>
