<?xml version="1.0" encoding="UTF-8"?>
<!-- Generated by org.testng.reporters.JUnitXMLReporter -->
<testsuite hostname="DELL" ignored="0" name="Test" tests="20" failures="1" timestamp="28 Nov 2020 06:01:34 GMT" time="406.549" errors="0">
  <testcase name="@BeforeMethod setUp" time="15.449" classname="com.orangehrm.qa.tests.MyInfoPersonalDetailsDDtest">
    <failure type="org.openqa.selenium.NoSuchElementException" message="no such element: Unable to locate element: {&amp;quot;method&amp;quot;:&amp;quot;css selector&amp;quot;,&amp;quot;selector&amp;quot;:&amp;quot;#txtUsername&amp;quot;}
  (Session info: chrome=86.0.4240.198)
For documentation on this error, please visit: http://seleniumhq.org/exceptions/no_such_element.html
Build info: version: &amp;apos;3.14.0&amp;apos;, revision: &amp;apos;aacccce0&amp;apos;, time: &amp;apos;2018-08-02T20:19:58.91Z&amp;apos;
System info: host: &amp;apos;DELL&amp;apos;, ip: &amp;apos;192.168.43.201&amp;apos;, os.name: &amp;apos;Windows 8&amp;apos;, os.arch: &amp;apos;amd64&amp;apos;, os.version: &amp;apos;6.2&amp;apos;, java.version: &amp;apos;1.8.0_171&amp;apos;
Driver info: org.openqa.selenium.chrome.ChromeDriver
Capabilities {acceptInsecureCerts: false, browserName: chrome, browserVersion: 86.0.4240.198, chrome: {chromedriverVersion: 86.0.4240.22 (398b0743353ff..., userDataDir: C:\Users\admin\AppData\Loca...}, goog:chromeOptions: {debuggerAddress: localhost:49502}, javascriptEnabled: true, networkConnectionEnabled: false, pageLoadStrategy: normal, platform: WINDOWS, platformName: WINDOWS, proxy: Proxy(), setWindowRect: true, strictFileInteractability: false, timeouts: {implicit: 0, pageLoad: 300000, script: 30000}, unhandledPromptBehavior: dismiss and notify, webauthn:virtualAuthenticators: true}
Session ID: 2b874fd5a11002b9b9e998535f5e2f53
*** Element info: {Using=id, value=txtUsername}">
      <![CDATA[org.openqa.selenium.NoSuchElementException: no such element: Unable to locate element: {"method":"css selector","selector":"#txtUsername"}
  (Session info: chrome=86.0.4240.198)
For documentation on this error, please visit: http://seleniumhq.org/exceptions/no_such_element.html
Build info: version: '3.14.0', revision: 'aacccce0', time: '2018-08-02T20:19:58.91Z'
System info: host: 'DELL', ip: '192.168.43.201', os.name: 'Windows 8', os.arch: 'amd64', os.version: '6.2', java.version: '1.8.0_171'
Driver info: org.openqa.selenium.chrome.ChromeDriver
Capabilities {acceptInsecureCerts: false, browserName: chrome, browserVersion: 86.0.4240.198, chrome: {chromedriverVersion: 86.0.4240.22 (398b0743353ff..., userDataDir: C:\Users\admin\AppData\Loca...}, goog:chromeOptions: {debuggerAddress: localhost:49502}, javascriptEnabled: true, networkConnectionEnabled: false, pageLoadStrategy: normal, platform: WINDOWS, platformName: WINDOWS, proxy: Proxy(), setWindowRect: true, strictFileInteractability: false, timeouts: {implicit: 0, pageLoad: 300000, script: 30000}, unhandledPromptBehavior: dismiss and notify, webauthn:virtualAuthenticators: true}
Session ID: 2b874fd5a11002b9b9e998535f5e2f53
*** Element info: {Using=id, value=txtUsername}
	at org.openqa.selenium.remote.http.W3CHttpResponseCodec.createException(W3CHttpResponseCodec.java:187)
	at org.openqa.selenium.remote.http.W3CHttpResponseCodec.decode(W3CHttpResponseCodec.java:122)
	at org.openqa.selenium.remote.http.W3CHttpResponseCodec.decode(W3CHttpResponseCodec.java:49)
	at org.openqa.selenium.remote.HttpCommandExecutor.execute(HttpCommandExecutor.java:158)
	at org.openqa.selenium.remote.service.DriverCommandExecutor.execute(DriverCommandExecutor.java:83)
	at org.openqa.selenium.remote.RemoteWebDriver.execute(RemoteWebDriver.java:548)
	at org.openqa.selenium.remote.RemoteWebDriver.findElement(RemoteWebDriver.java:322)
	at org.openqa.selenium.remote.RemoteWebDriver.findElementById(RemoteWebDriver.java:368)
	at org.openqa.selenium.By$ById.findElement(By.java:188)
	at org.openqa.selenium.remote.RemoteWebDriver.findElement(RemoteWebDriver.java:314)
	at org.openqa.selenium.support.pagefactory.DefaultElementLocator.findElement(DefaultElementLocator.java:69)
	at org.openqa.selenium.support.pagefactory.internal.LocatingElementHandler.invoke(LocatingElementHandler.java:38)
	at com.sun.proxy.$Proxy9.sendKeys(Unknown Source)
	at com.orangehrm.qa.pages.LoginPage.login(LoginPage.java:100)
	at com.orangehrm.qa.tests.MyInfoPersonalDetailsDDtest.setUp(MyInfoPersonalDetailsDDtest.java:25)
... Removed 34 stack frames]]>
    </failure>
  </testcase> <!-- @BeforeMethod setUp -->
  <testcase name="@BeforeMethod setUp" time="0.0" classname="com.orangehrm.qa.tests.MyInfoPersonalDetailsDDtest">
    <skipped/>
  </testcase> <!-- @BeforeMethod setUp -->
  <testcase name="@AfterTest end" time="0.001" classname="com.orangehrm.qa.tests.EmergencyContactsDDtest">
    <failure type="org.openqa.selenium.NoSuchSessionException" message="Session ID is null. Using WebDriver after calling quit()?
Build info: version: &amp;apos;3.14.0&amp;apos;, revision: &amp;apos;aacccce0&amp;apos;, time: &amp;apos;2018-08-02T20:19:58.91Z&amp;apos;
System info: host: &amp;apos;DELL&amp;apos;, ip: &amp;apos;192.168.43.201&amp;apos;, os.name: &amp;apos;Windows 8&amp;apos;, os.arch: &amp;apos;amd64&amp;apos;, os.version: &amp;apos;6.2&amp;apos;, java.version: &amp;apos;1.8.0_171&amp;apos;
Driver info: driver.version: RemoteWebDriver">
      <![CDATA[org.openqa.selenium.NoSuchSessionException: Session ID is null. Using WebDriver after calling quit()?
Build info: version: '3.14.0', revision: 'aacccce0', time: '2018-08-02T20:19:58.91Z'
System info: host: 'DELL', ip: '192.168.43.201', os.name: 'Windows 8', os.arch: 'amd64', os.version: '6.2', java.version: '1.8.0_171'
Driver info: driver.version: RemoteWebDriver
	at org.openqa.selenium.remote.HttpCommandExecutor.execute(HttpCommandExecutor.java:125)
	at org.openqa.selenium.remote.service.DriverCommandExecutor.execute(DriverCommandExecutor.java:83)
	at org.openqa.selenium.remote.RemoteWebDriver.execute(RemoteWebDriver.java:548)
	at org.openqa.selenium.remote.RemoteWebDriver.execute(RemoteWebDriver.java:605)
	at org.openqa.selenium.remote.RemoteWebDriver.close(RemoteWebDriver.java:438)
	at com.orangehrm.qa.tests.EmergencyContactsDDtest.end(EmergencyContactsDDtest.java:74)
... Removed 26 stack frames]]>
    </failure>
  </testcase> <!-- @AfterTest end -->
  <testcase name="uploadphotoover1mb" time="22.55" classname="com.orangehrm.qa.tests.MyInfo_PhotographTest"/>
  <testcase name="uploadphotounder1mb" time="4.932" classname="com.orangehrm.qa.tests.MyInfo_PhotographTest"/>
  <testcase name="verifyLoginIdPasswords" time="9.579" classname="com.orangehrm.qa.tests.LoginPageDDtest"/>
  <testcase name="verifyLoginIdPasswords" time="2.511" classname="com.orangehrm.qa.tests.LoginPageDDtest"/>
  <testcase name="verifyLoginIdPasswords" time="3.543" classname="com.orangehrm.qa.tests.LoginPageDDtest"/>
  <testcase name="verifyLoginIdPasswords" time="8.569" classname="com.orangehrm.qa.tests.LoginPageDDtest"/>
  <testcase name="addEmergencycontacts" time="4.202" classname="com.orangehrm.qa.tests.EmergencyContactsDDtest"/>
  <testcase name="addEmergencycontacts" time="3.43" classname="com.orangehrm.qa.tests.EmergencyContactsDDtest"/>
  <testcase name="validatemyinfodetails" time="6.397" classname="com.orangehrm.qa.tests.MyInfoPersonalDetailsDDtest"/>
  <testcase name="validatemyinfodetails" time="13.99" classname="com.orangehrm.qa.tests.MyInfoPersonalDetailsDDtest">
    <failure type="java.lang.AssertionError" message="couldnt save details.. expected [true] but found [false]">
      <![CDATA[java.lang.AssertionError: couldnt save details.. expected [true] but found [false]
	at com.orangehrm.qa.pages.MyInfo.validatingmyinfodetails(MyInfo.java:154)
	at com.orangehrm.qa.tests.MyInfoPersonalDetailsDDtest.validatemyinfodetails(MyInfoPersonalDetailsDDtest.java:48)
... Removed 31 stack frames]]>
    </failure>
  </testcase> <!-- validatemyinfodetails -->
  <testcase name="validatemyinfodetails" time="5.98" classname="com.orangehrm.qa.tests.MyInfoPersonalDetailsDDtest"/>
  <testcase name="validatemyinfodetails" time="5.862" classname="com.orangehrm.qa.tests.MyInfoPersonalDetailsDDtest"/>
  <testcase name="validatemyinfodetails" time="6.037" classname="com.orangehrm.qa.tests.MyInfoPersonalDetailsDDtest"/>
  <testcase name="validatemyinfodetails" time="0.001" classname="com.orangehrm.qa.tests.MyInfoPersonalDetailsDDtest">
    <skipped/>
  </testcase> <!-- validatemyinfodetails -->
  <testcase name="validatemyinfodetails" time="0.0" classname="com.orangehrm.qa.tests.MyInfoPersonalDetailsDDtest">
    <skipped/>
  </testcase> <!-- validatemyinfodetails -->
  <testcase name="loginPageTitleTest" time="0.019" classname="com.orangehrm.qa.tests.LoginPageTests"/>
  <testcase name="OHRMlogoImageTest" time="0.134" classname="com.orangehrm.qa.tests.LoginPageTests"/>
  <testcase name="loginTest" time="5.905" classname="com.orangehrm.qa.tests.LoginPageTests"/>
  <testcase name="validate_Forgotpasswordlink" time="1.221" classname="com.orangehrm.qa.tests.LoginPageTests"/>
  <testcase name="validate_invalidpwdmsg" time="2.641" classname="com.orangehrm.qa.tests.LoginPageTests"/>
</testsuite> <!-- Test -->
