<?xml version="1.0" encoding="UTF-8"?>
<testng-results skipped="0" failed="3" ignored="0" total="20" passed="17">
  <reporter-output>
  </reporter-output>
  <suite name="AllTestsSuite" duration-ms="478224" started-at="2020-11-28T03:44:10Z" finished-at="2020-11-28T03:52:08Z">
    <groups>
    </groups>
    <test name="Test" duration-ms="478224" started-at="2020-11-28T03:44:10Z" finished-at="2020-11-28T03:52:08Z">
      <class name="com.orangehrm.qa.tests.MyInfoPersonalDetailsDDtest">
        <test-method status="PASS" signature="setUp()[pri:0, instance:com.orangehrm.qa.tests.MyInfoPersonalDetailsDDtest@5c3bd550]" name="setUp" is-config="true" duration-ms="42447" started-at="2020-11-28T09:15:50Z" finished-at="2020-11-28T09:16:33Z">
          <reporter-output>
          </reporter-output>
        </test-method> <!-- setUp -->
        <test-method status="PASS" signature="validatemyinfodetails(java.lang.String, java.lang.String, java.lang.String, java.lang.String, java.lang.String, java.lang.String)[pri:0, instance:com.orangehrm.qa.tests.MyInfoPersonalDetailsDDtest@5c3bd550]" name="validatemyinfodetails" duration-ms="6813" started-at="2020-11-28T09:16:33Z" data-provider="test3data" finished-at="2020-11-28T09:16:39Z">
          <params>
            <param index="0">
              <value>
                <![CDATA[harish]]>
              </value>
            </param>
            <param index="1">
              <value>
                <![CDATA[1123]]>
              </value>
            </param>
            <param index="2">
              <value>
                <![CDATA[raut]]>
              </value>
            </param>
            <param index="3">
              <value>
                <![CDATA[2020-11-05]]>
              </value>
            </param>
            <param index="4">
              <value>
                <![CDATA[male]]>
              </value>
            </param>
            <param index="5">
              <value>
                <![CDATA[Indian]]>
              </value>
            </param>
          </params>
          <reporter-output>
          </reporter-output>
        </test-method> <!-- validatemyinfodetails -->
        <test-method status="PASS" signature="end()[pri:0, instance:com.orangehrm.qa.tests.MyInfoPersonalDetailsDDtest@5c3bd550]" name="end" is-config="true" duration-ms="66" started-at="2020-11-28T09:16:40Z" finished-at="2020-11-28T09:16:40Z">
          <reporter-output>
          </reporter-output>
        </test-method> <!-- end -->
        <test-method status="PASS" signature="setUp()[pri:0, instance:com.orangehrm.qa.tests.MyInfoPersonalDetailsDDtest@5c3bd550]" name="setUp" is-config="true" duration-ms="19763" started-at="2020-11-28T09:16:40Z" finished-at="2020-11-28T09:17:00Z">
          <reporter-output>
          </reporter-output>
        </test-method> <!-- setUp -->
        <test-method status="FAIL" signature="validatemyinfodetails(java.lang.String, java.lang.String, java.lang.String, java.lang.String, java.lang.String, java.lang.String)[pri:0, instance:com.orangehrm.qa.tests.MyInfoPersonalDetailsDDtest@5c3bd550]" name="validatemyinfodetails" duration-ms="14098" started-at="2020-11-28T09:17:00Z" data-provider="test3data" finished-at="2020-11-28T09:17:14Z">
          <params>
            <param index="0">
              <value>
                <![CDATA[]]>
              </value>
            </param>
            <param index="1">
              <value>
                <![CDATA[bhagwan]]>
              </value>
            </param>
            <param index="2">
              <value>
                <![CDATA[patil]]>
              </value>
            </param>
            <param index="3">
              <value>
                <![CDATA[2019-10-06]]>
              </value>
            </param>
            <param index="4">
              <value>
                <![CDATA[male]]>
              </value>
            </param>
            <param index="5">
              <value>
                <![CDATA[Chinese]]>
              </value>
            </param>
          </params>
          <exception class="java.lang.AssertionError">
            <message>
              <![CDATA[couldnt save details.. expected [true] but found [false]]]>
            </message>
            <full-stacktrace>
              <![CDATA[java.lang.AssertionError: couldnt save details.. expected [true] but found [false]
	at org.testng.Assert.fail(Assert.java:93)
	at org.testng.Assert.failNotEquals(Assert.java:512)
	at org.testng.Assert.assertTrue(Assert.java:41)
	at com.orangehrm.qa.pages.MyInfo.validatingmyinfodetails(MyInfo.java:154)
	at com.orangehrm.qa.tests.MyInfoPersonalDetailsDDtest.validatemyinfodetails(MyInfoPersonalDetailsDDtest.java:48)
	at sun.reflect.NativeMethodAccessorImpl.invoke0(Native Method)
	at sun.reflect.NativeMethodAccessorImpl.invoke(NativeMethodAccessorImpl.java:62)
	at sun.reflect.DelegatingMethodAccessorImpl.invoke(DelegatingMethodAccessorImpl.java:43)
	at java.lang.reflect.Method.invoke(Method.java:498)
	at org.testng.internal.MethodInvocationHelper.invokeMethod(MethodInvocationHelper.java:108)
	at org.testng.internal.Invoker.invokeMethod(Invoker.java:661)
	at org.testng.internal.Invoker.invokeTestMethod(Invoker.java:869)
	at org.testng.internal.Invoker.invokeTestMethods(Invoker.java:1193)
	at org.testng.internal.TestMethodWorker.invokeTestMethods(TestMethodWorker.java:126)
	at org.testng.internal.TestMethodWorker.run(TestMethodWorker.java:109)
	at org.testng.TestRunner.privateRun(TestRunner.java:744)
	at org.testng.TestRunner.run(TestRunner.java:602)
	at org.testng.SuiteRunner.runTest(SuiteRunner.java:380)
	at org.testng.SuiteRunner.runSequentially(SuiteRunner.java:375)
	at org.testng.SuiteRunner.privateRun(SuiteRunner.java:340)
	at org.testng.SuiteRunner.run(SuiteRunner.java:289)
	at org.testng.SuiteRunnerWorker.runSuite(SuiteRunnerWorker.java:52)
	at org.testng.SuiteRunnerWorker.run(SuiteRunnerWorker.java:86)
	at org.testng.TestNG.runSuitesSequentially(TestNG.java:1301)
	at org.testng.TestNG.runSuitesLocally(TestNG.java:1226)
	at org.testng.TestNG.runSuites(TestNG.java:1144)
	at org.testng.TestNG.run(TestNG.java:1115)
	at org.testng.remote.AbstractRemoteTestNG.run(AbstractRemoteTestNG.java:126)
	at org.testng.remote.RemoteTestNG.initAndRun(RemoteTestNG.java:152)
	at org.testng.remote.RemoteTestNG.main(RemoteTestNG.java:57)
]]>
            </full-stacktrace>
          </exception> <!-- java.lang.AssertionError -->
          <reporter-output>
          </reporter-output>
        </test-method> <!-- validatemyinfodetails -->
        <test-method status="PASS" signature="end()[pri:0, instance:com.orangehrm.qa.tests.MyInfoPersonalDetailsDDtest@5c3bd550]" name="end" is-config="true" duration-ms="57" started-at="2020-11-28T09:17:15Z" finished-at="2020-11-28T09:17:15Z">
          <reporter-output>
          </reporter-output>
        </test-method> <!-- end -->
        <test-method status="PASS" signature="setUp()[pri:0, instance:com.orangehrm.qa.tests.MyInfoPersonalDetailsDDtest@5c3bd550]" name="setUp" is-config="true" duration-ms="24315" started-at="2020-11-28T09:17:15Z" finished-at="2020-11-28T09:17:39Z">
          <reporter-output>
          </reporter-output>
        </test-method> <!-- setUp -->
        <test-method status="PASS" signature="validatemyinfodetails(java.lang.String, java.lang.String, java.lang.String, java.lang.String, java.lang.String, java.lang.String)[pri:0, instance:com.orangehrm.qa.tests.MyInfoPersonalDetailsDDtest@5c3bd550]" name="validatemyinfodetails" duration-ms="6943" started-at="2020-11-28T09:17:39Z" data-provider="test3data" finished-at="2020-11-28T09:17:46Z">
          <params>
            <param index="0">
              <value>
                <![CDATA[randy]]>
              </value>
            </param>
            <param index="1">
              <value>
                <![CDATA[keith]]>
              </value>
            </param>
            <param index="2">
              <value>
                <![CDATA[5589]]>
              </value>
            </param>
            <param index="3">
              <value>
                <![CDATA[2018-12-09]]>
              </value>
            </param>
            <param index="4">
              <value>
                <![CDATA[male]]>
              </value>
            </param>
            <param index="5">
              <value>
                <![CDATA[Chinese]]>
              </value>
            </param>
          </params>
          <reporter-output>
          </reporter-output>
        </test-method> <!-- validatemyinfodetails -->
        <test-method status="PASS" signature="end()[pri:0, instance:com.orangehrm.qa.tests.MyInfoPersonalDetailsDDtest@5c3bd550]" name="end" is-config="true" duration-ms="71" started-at="2020-11-28T09:17:47Z" finished-at="2020-11-28T09:17:47Z">
          <reporter-output>
          </reporter-output>
        </test-method> <!-- end -->
        <test-method status="PASS" signature="setUp()[pri:0, instance:com.orangehrm.qa.tests.MyInfoPersonalDetailsDDtest@5c3bd550]" name="setUp" is-config="true" duration-ms="20685" started-at="2020-11-28T09:17:47Z" finished-at="2020-11-28T09:18:07Z">
          <reporter-output>
          </reporter-output>
        </test-method> <!-- setUp -->
        <test-method status="PASS" signature="validatemyinfodetails(java.lang.String, java.lang.String, java.lang.String, java.lang.String, java.lang.String, java.lang.String)[pri:0, instance:com.orangehrm.qa.tests.MyInfoPersonalDetailsDDtest@5c3bd550]" name="validatemyinfodetails" duration-ms="6431" started-at="2020-11-28T09:18:07Z" data-provider="test3data" finished-at="2020-11-28T09:18:14Z">
          <params>
            <param index="0">
              <value>
                <![CDATA[kiran]]>
              </value>
            </param>
            <param index="1">
              <value>
                <![CDATA[jay]]>
              </value>
            </param>
            <param index="2">
              <value>
                <![CDATA[kamath]]>
              </value>
            </param>
            <param index="3">
              <value>
                <![CDATA[2020-11-04]]>
              </value>
            </param>
            <param index="4">
              <value>
                <![CDATA[female]]>
              </value>
            </param>
            <param index="5">
              <value>
                <![CDATA[American]]>
              </value>
            </param>
          </params>
          <reporter-output>
          </reporter-output>
        </test-method> <!-- validatemyinfodetails -->
        <test-method status="PASS" signature="end()[pri:0, instance:com.orangehrm.qa.tests.MyInfoPersonalDetailsDDtest@5c3bd550]" name="end" is-config="true" duration-ms="66" started-at="2020-11-28T09:18:14Z" finished-at="2020-11-28T09:18:14Z">
          <reporter-output>
          </reporter-output>
        </test-method> <!-- end -->
        <test-method status="PASS" signature="setUp()[pri:0, instance:com.orangehrm.qa.tests.MyInfoPersonalDetailsDDtest@5c3bd550]" name="setUp" is-config="true" duration-ms="16895" started-at="2020-11-28T09:18:14Z" finished-at="2020-11-28T09:18:31Z">
          <reporter-output>
          </reporter-output>
        </test-method> <!-- setUp -->
        <test-method status="PASS" signature="validatemyinfodetails(java.lang.String, java.lang.String, java.lang.String, java.lang.String, java.lang.String, java.lang.String)[pri:0, instance:com.orangehrm.qa.tests.MyInfoPersonalDetailsDDtest@5c3bd550]" name="validatemyinfodetails" duration-ms="6145" started-at="2020-11-28T09:18:31Z" data-provider="test3data" finished-at="2020-11-28T09:18:37Z">
          <params>
            <param index="0">
              <value>
                <![CDATA[omkar]]>
              </value>
            </param>
            <param index="1">
              <value>
                <![CDATA[suresh]]>
              </value>
            </param>
            <param index="2">
              <value>
                <![CDATA[walunj]]>
              </value>
            </param>
            <param index="3">
              <value>
                <![CDATA[2019-05-10]]>
              </value>
            </param>
            <param index="4">
              <value>
                <![CDATA[male]]>
              </value>
            </param>
            <param index="5">
              <value>
                <![CDATA[British]]>
              </value>
            </param>
          </params>
          <reporter-output>
          </reporter-output>
        </test-method> <!-- validatemyinfodetails -->
        <test-method status="PASS" signature="end()[pri:0, instance:com.orangehrm.qa.tests.MyInfoPersonalDetailsDDtest@5c3bd550]" name="end" is-config="true" duration-ms="58" started-at="2020-11-28T09:18:38Z" finished-at="2020-11-28T09:18:38Z">
          <reporter-output>
          </reporter-output>
        </test-method> <!-- end -->
        <test-method status="PASS" signature="setUp()[pri:0, instance:com.orangehrm.qa.tests.MyInfoPersonalDetailsDDtest@5c3bd550]" name="setUp" is-config="true" duration-ms="18560" started-at="2020-11-28T09:18:38Z" finished-at="2020-11-28T09:18:57Z">
          <reporter-output>
          </reporter-output>
        </test-method> <!-- setUp -->
        <test-method status="FAIL" signature="validatemyinfodetails(java.lang.String, java.lang.String, java.lang.String, java.lang.String, java.lang.String, java.lang.String)[pri:0, instance:com.orangehrm.qa.tests.MyInfoPersonalDetailsDDtest@5c3bd550]" name="validatemyinfodetails" duration-ms="14067" started-at="2020-11-28T09:18:57Z" data-provider="test3data" finished-at="2020-11-28T09:19:11Z">
          <params>
            <param index="0">
              <value>
                <![CDATA[Lena]]>
              </value>
            </param>
            <param index="1">
              <value>
                <![CDATA[nathan]]>
              </value>
            </param>
            <param index="2">
              <value>
                <![CDATA[paul]]>
              </value>
            </param>
            <param index="3">
              <value>
                <![CDATA[2019/10/06]]>
              </value>
            </param>
            <param index="4">
              <value>
                <![CDATA[Female]]>
              </value>
            </param>
            <param index="5">
              <value>
                <![CDATA[American]]>
              </value>
            </param>
          </params>
          <exception class="java.lang.AssertionError">
            <message>
              <![CDATA[couldnt save details.. expected [true] but found [false]]]>
            </message>
            <full-stacktrace>
              <![CDATA[java.lang.AssertionError: couldnt save details.. expected [true] but found [false]
	at org.testng.Assert.fail(Assert.java:93)
	at org.testng.Assert.failNotEquals(Assert.java:512)
	at org.testng.Assert.assertTrue(Assert.java:41)
	at com.orangehrm.qa.pages.MyInfo.validatingmyinfodetails(MyInfo.java:154)
	at com.orangehrm.qa.tests.MyInfoPersonalDetailsDDtest.validatemyinfodetails(MyInfoPersonalDetailsDDtest.java:48)
	at sun.reflect.NativeMethodAccessorImpl.invoke0(Native Method)
	at sun.reflect.NativeMethodAccessorImpl.invoke(NativeMethodAccessorImpl.java:62)
	at sun.reflect.DelegatingMethodAccessorImpl.invoke(DelegatingMethodAccessorImpl.java:43)
	at java.lang.reflect.Method.invoke(Method.java:498)
	at org.testng.internal.MethodInvocationHelper.invokeMethod(MethodInvocationHelper.java:108)
	at org.testng.internal.Invoker.invokeMethod(Invoker.java:661)
	at org.testng.internal.Invoker.invokeTestMethod(Invoker.java:869)
	at org.testng.internal.Invoker.invokeTestMethods(Invoker.java:1193)
	at org.testng.internal.TestMethodWorker.invokeTestMethods(TestMethodWorker.java:126)
	at org.testng.internal.TestMethodWorker.run(TestMethodWorker.java:109)
	at org.testng.TestRunner.privateRun(TestRunner.java:744)
	at org.testng.TestRunner.run(TestRunner.java:602)
	at org.testng.SuiteRunner.runTest(SuiteRunner.java:380)
	at org.testng.SuiteRunner.runSequentially(SuiteRunner.java:375)
	at org.testng.SuiteRunner.privateRun(SuiteRunner.java:340)
	at org.testng.SuiteRunner.run(SuiteRunner.java:289)
	at org.testng.SuiteRunnerWorker.runSuite(SuiteRunnerWorker.java:52)
	at org.testng.SuiteRunnerWorker.run(SuiteRunnerWorker.java:86)
	at org.testng.TestNG.runSuitesSequentially(TestNG.java:1301)
	at org.testng.TestNG.runSuitesLocally(TestNG.java:1226)
	at org.testng.TestNG.runSuites(TestNG.java:1144)
	at org.testng.TestNG.run(TestNG.java:1115)
	at org.testng.remote.AbstractRemoteTestNG.run(AbstractRemoteTestNG.java:126)
	at org.testng.remote.RemoteTestNG.initAndRun(RemoteTestNG.java:152)
	at org.testng.remote.RemoteTestNG.main(RemoteTestNG.java:57)
]]>
            </full-stacktrace>
          </exception> <!-- java.lang.AssertionError -->
          <reporter-output>
          </reporter-output>
        </test-method> <!-- validatemyinfodetails -->
        <test-method status="PASS" signature="end()[pri:0, instance:com.orangehrm.qa.tests.MyInfoPersonalDetailsDDtest@5c3bd550]" name="end" is-config="true" duration-ms="68" started-at="2020-11-28T09:19:11Z" finished-at="2020-11-28T09:19:11Z">
          <reporter-output>
          </reporter-output>
        </test-method> <!-- end -->
        <test-method status="PASS" signature="setUp()[pri:0, instance:com.orangehrm.qa.tests.MyInfoPersonalDetailsDDtest@5c3bd550]" name="setUp" is-config="true" duration-ms="17923" started-at="2020-11-28T09:19:11Z" finished-at="2020-11-28T09:19:29Z">
          <reporter-output>
          </reporter-output>
        </test-method> <!-- setUp -->
        <test-method status="FAIL" signature="validatemyinfodetails(java.lang.String, java.lang.String, java.lang.String, java.lang.String, java.lang.String, java.lang.String)[pri:0, instance:com.orangehrm.qa.tests.MyInfoPersonalDetailsDDtest@5c3bd550]" name="validatemyinfodetails" duration-ms="14236" started-at="2020-11-28T09:19:29Z" data-provider="test3data" finished-at="2020-11-28T09:19:44Z">
          <params>
            <param index="0">
              <value>
                <![CDATA[sunny]]>
              </value>
            </param>
            <param index="1">
              <value>
                <![CDATA[harish]]>
              </value>
            </param>
            <param index="2">
              <value>
                <![CDATA[raut]]>
              </value>
            </param>
            <param index="3">
              <value>
                <![CDATA[1548889854 ]]>
              </value>
            </param>
            <param index="4">
              <value>
                <![CDATA[male]]>
              </value>
            </param>
            <param index="5">
              <value>
                <![CDATA[Indian]]>
              </value>
            </param>
          </params>
          <exception class="java.lang.AssertionError">
            <message>
              <![CDATA[couldnt save details.. expected [true] but found [false]]]>
            </message>
            <full-stacktrace>
              <![CDATA[java.lang.AssertionError: couldnt save details.. expected [true] but found [false]
	at org.testng.Assert.fail(Assert.java:93)
	at org.testng.Assert.failNotEquals(Assert.java:512)
	at org.testng.Assert.assertTrue(Assert.java:41)
	at com.orangehrm.qa.pages.MyInfo.validatingmyinfodetails(MyInfo.java:154)
	at com.orangehrm.qa.tests.MyInfoPersonalDetailsDDtest.validatemyinfodetails(MyInfoPersonalDetailsDDtest.java:48)
	at sun.reflect.NativeMethodAccessorImpl.invoke0(Native Method)
	at sun.reflect.NativeMethodAccessorImpl.invoke(NativeMethodAccessorImpl.java:62)
	at sun.reflect.DelegatingMethodAccessorImpl.invoke(DelegatingMethodAccessorImpl.java:43)
	at java.lang.reflect.Method.invoke(Method.java:498)
	at org.testng.internal.MethodInvocationHelper.invokeMethod(MethodInvocationHelper.java:108)
	at org.testng.internal.Invoker.invokeMethod(Invoker.java:661)
	at org.testng.internal.Invoker.invokeTestMethod(Invoker.java:869)
	at org.testng.internal.Invoker.invokeTestMethods(Invoker.java:1193)
	at org.testng.internal.TestMethodWorker.invokeTestMethods(TestMethodWorker.java:126)
	at org.testng.internal.TestMethodWorker.run(TestMethodWorker.java:109)
	at org.testng.TestRunner.privateRun(TestRunner.java:744)
	at org.testng.TestRunner.run(TestRunner.java:602)
	at org.testng.SuiteRunner.runTest(SuiteRunner.java:380)
	at org.testng.SuiteRunner.runSequentially(SuiteRunner.java:375)
	at org.testng.SuiteRunner.privateRun(SuiteRunner.java:340)
	at org.testng.SuiteRunner.run(SuiteRunner.java:289)
	at org.testng.SuiteRunnerWorker.runSuite(SuiteRunnerWorker.java:52)
	at org.testng.SuiteRunnerWorker.run(SuiteRunnerWorker.java:86)
	at org.testng.TestNG.runSuitesSequentially(TestNG.java:1301)
	at org.testng.TestNG.runSuitesLocally(TestNG.java:1226)
	at org.testng.TestNG.runSuites(TestNG.java:1144)
	at org.testng.TestNG.run(TestNG.java:1115)
	at org.testng.remote.AbstractRemoteTestNG.run(AbstractRemoteTestNG.java:126)
	at org.testng.remote.RemoteTestNG.initAndRun(RemoteTestNG.java:152)
	at org.testng.remote.RemoteTestNG.main(RemoteTestNG.java:57)
]]>
            </full-stacktrace>
          </exception> <!-- java.lang.AssertionError -->
          <reporter-output>
          </reporter-output>
        </test-method> <!-- validatemyinfodetails -->
        <test-method status="PASS" signature="end()[pri:0, instance:com.orangehrm.qa.tests.MyInfoPersonalDetailsDDtest@5c3bd550]" name="end" is-config="true" duration-ms="64" started-at="2020-11-28T09:19:44Z" finished-at="2020-11-28T09:19:44Z">
          <reporter-output>
          </reporter-output>
        </test-method> <!-- end -->
      </class> <!-- com.orangehrm.qa.tests.MyInfoPersonalDetailsDDtest -->
      <class name="com.orangehrm.qa.tests.EmergencyContactsDDtest">
        <test-method status="PASS" signature="setUp()[pri:0, instance:com.orangehrm.qa.tests.EmergencyContactsDDtest@42d80b78]" name="setUp" is-config="true" duration-ms="24806" started-at="2020-11-28T09:14:10Z" finished-at="2020-11-28T09:14:35Z">
          <reporter-output>
          </reporter-output>
        </test-method> <!-- setUp -->
        <test-method status="PASS" signature="addEmergencycontacts(java.lang.String, java.lang.String, java.lang.String)[pri:0, instance:com.orangehrm.qa.tests.EmergencyContactsDDtest@42d80b78]" name="addEmergencycontacts" duration-ms="4212" started-at="2020-11-28T09:15:40Z" data-provider="test1data" finished-at="2020-11-28T09:15:44Z">
          <params>
            <param index="0">
              <value>
                <![CDATA[Sunny]]>
              </value>
            </param>
            <param index="1">
              <value>
                <![CDATA[wife]]>
              </value>
            </param>
            <param index="2">
              <value>
                <![CDATA[101213141516]]>
              </value>
            </param>
          </params>
          <reporter-output>
          </reporter-output>
        </test-method> <!-- addEmergencycontacts -->
        <test-method status="PASS" signature="addEmergencycontacts(java.lang.String, java.lang.String, java.lang.String)[pri:0, instance:com.orangehrm.qa.tests.EmergencyContactsDDtest@42d80b78]" name="addEmergencycontacts" duration-ms="5778" started-at="2020-11-28T09:15:44Z" data-provider="test1data" finished-at="2020-11-28T09:15:50Z">
          <params>
            <param index="0">
              <value>
                <![CDATA[lena]]>
              </value>
            </param>
            <param index="1">
              <value>
                <![CDATA[girlfriend]]>
              </value>
            </param>
            <param index="2">
              <value>
                <![CDATA[458446544652]]>
              </value>
            </param>
          </params>
          <reporter-output>
          </reporter-output>
        </test-method> <!-- addEmergencycontacts -->
      </class> <!-- com.orangehrm.qa.tests.EmergencyContactsDDtest -->
      <class name="com.orangehrm.qa.tests.MyInfo_PhotographTest">
        <test-method status="PASS" signature="StartUp()[pri:0, instance:com.orangehrm.qa.tests.MyInfo_PhotographTest@3bfdc050]" name="StartUp" is-config="true" duration-ms="27068" started-at="2020-11-28T09:19:44Z" finished-at="2020-11-28T09:20:11Z">
          <reporter-output>
          </reporter-output>
        </test-method> <!-- StartUp -->
        <test-method status="PASS" signature="uploadphotounder1mb()[pri:1, instance:com.orangehrm.qa.tests.MyInfo_PhotographTest@3bfdc050]" name="uploadphotounder1mb" duration-ms="3808" started-at="2020-11-28T09:20:11Z" finished-at="2020-11-28T09:20:15Z">
          <reporter-output>
          </reporter-output>
        </test-method> <!-- uploadphotounder1mb -->
        <test-method status="PASS" signature="End()[pri:0, instance:com.orangehrm.qa.tests.MyInfo_PhotographTest@3bfdc050]" name="End" is-config="true" duration-ms="60" started-at="2020-11-28T09:20:16Z" finished-at="2020-11-28T09:20:16Z">
          <reporter-output>
          </reporter-output>
        </test-method> <!-- End -->
        <test-method status="PASS" signature="StartUp()[pri:0, instance:com.orangehrm.qa.tests.MyInfo_PhotographTest@3bfdc050]" name="StartUp" is-config="true" duration-ms="17901" started-at="2020-11-28T09:20:26Z" finished-at="2020-11-28T09:20:43Z">
          <reporter-output>
          </reporter-output>
        </test-method> <!-- StartUp -->
        <test-method status="PASS" signature="uploadphotoover1mb()[pri:2, instance:com.orangehrm.qa.tests.MyInfo_PhotographTest@3bfdc050]" name="uploadphotoover1mb" duration-ms="33476" started-at="2020-11-28T09:20:43Z" finished-at="2020-11-28T09:21:17Z">
          <reporter-output>
          </reporter-output>
        </test-method> <!-- uploadphotoover1mb -->
        <test-method status="PASS" signature="End()[pri:0, instance:com.orangehrm.qa.tests.MyInfo_PhotographTest@3bfdc050]" name="End" is-config="true" duration-ms="63" started-at="2020-11-28T09:21:17Z" finished-at="2020-11-28T09:21:17Z">
          <reporter-output>
          </reporter-output>
        </test-method> <!-- End -->
      </class> <!-- com.orangehrm.qa.tests.MyInfo_PhotographTest -->
      <class name="com.orangehrm.qa.tests.LoginPageDDtest">
        <test-method status="PASS" signature="start()[pri:0, instance:com.orangehrm.qa.tests.LoginPageDDtest@1bce4f0a]" name="start" is-config="true" duration-ms="8388" started-at="2020-11-28T09:14:37Z" finished-at="2020-11-28T09:14:46Z">
          <reporter-output>
          </reporter-output>
        </test-method> <!-- start -->
        <test-method status="PASS" signature="verifyLoginIdPasswords(java.lang.String, java.lang.String)[pri:0, instance:com.orangehrm.qa.tests.LoginPageDDtest@1bce4f0a]" name="verifyLoginIdPasswords" duration-ms="9267" started-at="2020-11-28T09:14:46Z" data-provider="test2data" finished-at="2020-11-28T09:14:55Z">
          <params>
            <param index="0">
              <value>
                <![CDATA[Admin]]>
              </value>
            </param>
            <param index="1">
              <value>
                <![CDATA[admin123]]>
              </value>
            </param>
          </params>
          <reporter-output>
          </reporter-output>
        </test-method> <!-- verifyLoginIdPasswords -->
        <test-method status="PASS" signature="end()[pri:0, instance:com.orangehrm.qa.tests.LoginPageDDtest@1bce4f0a]" name="end" is-config="true" duration-ms="97" started-at="2020-11-28T09:14:56Z" finished-at="2020-11-28T09:14:56Z">
          <reporter-output>
          </reporter-output>
        </test-method> <!-- end -->
        <test-method status="PASS" signature="start()[pri:0, instance:com.orangehrm.qa.tests.LoginPageDDtest@1bce4f0a]" name="start" is-config="true" duration-ms="8504" started-at="2020-11-28T09:14:56Z" finished-at="2020-11-28T09:15:04Z">
          <reporter-output>
          </reporter-output>
        </test-method> <!-- start -->
        <test-method status="PASS" signature="verifyLoginIdPasswords(java.lang.String, java.lang.String)[pri:0, instance:com.orangehrm.qa.tests.LoginPageDDtest@1bce4f0a]" name="verifyLoginIdPasswords" duration-ms="3237" started-at="2020-11-28T09:15:04Z" data-provider="test2data" finished-at="2020-11-28T09:15:08Z">
          <params>
            <param index="0">
              <value>
                <![CDATA[admin]]>
              </value>
            </param>
            <param index="1">
              <value>
                <![CDATA[admin12]]>
              </value>
            </param>
          </params>
          <reporter-output>
          </reporter-output>
        </test-method> <!-- verifyLoginIdPasswords -->
        <test-method status="PASS" signature="end()[pri:0, instance:com.orangehrm.qa.tests.LoginPageDDtest@1bce4f0a]" name="end" is-config="true" duration-ms="98" started-at="2020-11-28T09:15:08Z" finished-at="2020-11-28T09:15:08Z">
          <reporter-output>
          </reporter-output>
        </test-method> <!-- end -->
        <test-method status="PASS" signature="start()[pri:0, instance:com.orangehrm.qa.tests.LoginPageDDtest@1bce4f0a]" name="start" is-config="true" duration-ms="7843" started-at="2020-11-28T09:15:08Z" finished-at="2020-11-28T09:15:16Z">
          <reporter-output>
          </reporter-output>
        </test-method> <!-- start -->
        <test-method status="PASS" signature="verifyLoginIdPasswords(java.lang.String, java.lang.String)[pri:0, instance:com.orangehrm.qa.tests.LoginPageDDtest@1bce4f0a]" name="verifyLoginIdPasswords" duration-ms="3673" started-at="2020-11-28T09:15:16Z" data-provider="test2data" finished-at="2020-11-28T09:15:20Z">
          <params>
            <param index="0">
              <value>
                <![CDATA[harish]]>
              </value>
            </param>
            <param index="1">
              <value>
                <![CDATA[callme]]>
              </value>
            </param>
          </params>
          <reporter-output>
          </reporter-output>
        </test-method> <!-- verifyLoginIdPasswords -->
        <test-method status="PASS" signature="end()[pri:0, instance:com.orangehrm.qa.tests.LoginPageDDtest@1bce4f0a]" name="end" is-config="true" duration-ms="85" started-at="2020-11-28T09:15:20Z" finished-at="2020-11-28T09:15:21Z">
          <reporter-output>
          </reporter-output>
        </test-method> <!-- end -->
        <test-method status="PASS" signature="start()[pri:0, instance:com.orangehrm.qa.tests.LoginPageDDtest@1bce4f0a]" name="start" is-config="true" duration-ms="8600" started-at="2020-11-28T09:15:21Z" finished-at="2020-11-28T09:15:29Z">
          <reporter-output>
          </reporter-output>
        </test-method> <!-- start -->
        <test-method status="PASS" signature="verifyLoginIdPasswords(java.lang.String, java.lang.String)[pri:0, instance:com.orangehrm.qa.tests.LoginPageDDtest@1bce4f0a]" name="verifyLoginIdPasswords" duration-ms="9202" started-at="2020-11-28T09:15:29Z" data-provider="test2data" finished-at="2020-11-28T09:15:38Z">
          <params>
            <param index="0">
              <value>
                <![CDATA[Admin]]>
              </value>
            </param>
            <param index="1">
              <value>
                <![CDATA[admin123]]>
              </value>
            </param>
          </params>
          <reporter-output>
          </reporter-output>
        </test-method> <!-- verifyLoginIdPasswords -->
        <test-method status="PASS" signature="end()[pri:0, instance:com.orangehrm.qa.tests.LoginPageDDtest@1bce4f0a]" name="end" is-config="true" duration-ms="101" started-at="2020-11-28T09:15:39Z" finished-at="2020-11-28T09:15:39Z">
          <reporter-output>
          </reporter-output>
        </test-method> <!-- end -->
      </class> <!-- com.orangehrm.qa.tests.LoginPageDDtest -->
      <class name="com.orangehrm.qa.tests.LoginPageTests">
        <test-method status="PASS" signature="setUp()[pri:0, instance:com.orangehrm.qa.tests.LoginPageTests@5e3a8624]" name="setUp" is-config="true" duration-ms="7964" started-at="2020-11-28T09:20:16Z" finished-at="2020-11-28T09:20:24Z">
          <reporter-output>
          </reporter-output>
        </test-method> <!-- setUp -->
        <test-method status="PASS" signature="loginPageTitleTest()[pri:1, instance:com.orangehrm.qa.tests.LoginPageTests@5e3a8624]" name="loginPageTitleTest" duration-ms="23" started-at="2020-11-28T09:20:24Z" finished-at="2020-11-28T09:20:24Z">
          <reporter-output>
          </reporter-output>
        </test-method> <!-- loginPageTitleTest -->
        <test-method status="PASS" signature="tearDown()[pri:0, instance:com.orangehrm.qa.tests.LoginPageTests@5e3a8624]" name="tearDown" is-config="true" duration-ms="1090" started-at="2020-11-28T09:20:24Z" finished-at="2020-11-28T09:20:26Z">
          <reporter-output>
          </reporter-output>
        </test-method> <!-- tearDown -->
        <test-method status="PASS" signature="setUp()[pri:0, instance:com.orangehrm.qa.tests.LoginPageTests@5e3a8624]" name="setUp" is-config="true" duration-ms="9620" started-at="2020-11-28T09:21:18Z" finished-at="2020-11-28T09:21:27Z">
          <reporter-output>
          </reporter-output>
        </test-method> <!-- setUp -->
        <test-method status="PASS" signature="OHRMlogoImageTest()[pri:2, instance:com.orangehrm.qa.tests.LoginPageTests@5e3a8624]" name="OHRMlogoImageTest" duration-ms="129" started-at="2020-11-28T09:21:27Z" finished-at="2020-11-28T09:21:27Z">
          <reporter-output>
          </reporter-output>
        </test-method> <!-- OHRMlogoImageTest -->
        <test-method status="PASS" signature="tearDown()[pri:0, instance:com.orangehrm.qa.tests.LoginPageTests@5e3a8624]" name="tearDown" is-config="true" duration-ms="1017" started-at="2020-11-28T09:21:28Z" finished-at="2020-11-28T09:21:29Z">
          <reporter-output>
          </reporter-output>
        </test-method> <!-- tearDown -->
        <test-method status="PASS" signature="setUp()[pri:0, instance:com.orangehrm.qa.tests.LoginPageTests@5e3a8624]" name="setUp" is-config="true" duration-ms="7990" started-at="2020-11-28T09:21:29Z" finished-at="2020-11-28T09:21:37Z">
          <reporter-output>
          </reporter-output>
        </test-method> <!-- setUp -->
        <test-method status="PASS" signature="loginTest()[pri:3, instance:com.orangehrm.qa.tests.LoginPageTests@5e3a8624]" name="loginTest" duration-ms="6750" started-at="2020-11-28T09:21:37Z" finished-at="2020-11-28T09:21:44Z">
          <reporter-output>
          </reporter-output>
        </test-method> <!-- loginTest -->
        <test-method status="PASS" signature="tearDown()[pri:0, instance:com.orangehrm.qa.tests.LoginPageTests@5e3a8624]" name="tearDown" is-config="true" duration-ms="1054" started-at="2020-11-28T09:21:44Z" finished-at="2020-11-28T09:21:45Z">
          <reporter-output>
          </reporter-output>
        </test-method> <!-- tearDown -->
        <test-method status="PASS" signature="setUp()[pri:0, instance:com.orangehrm.qa.tests.LoginPageTests@5e3a8624]" name="setUp" is-config="true" duration-ms="8084" started-at="2020-11-28T09:21:45Z" finished-at="2020-11-28T09:21:54Z">
          <reporter-output>
          </reporter-output>
        </test-method> <!-- setUp -->
        <test-method status="PASS" signature="validate_Forgotpasswordlink()[pri:4, instance:com.orangehrm.qa.tests.LoginPageTests@5e3a8624]" name="validate_Forgotpasswordlink" duration-ms="1290" started-at="2020-11-28T09:21:54Z" finished-at="2020-11-28T09:21:55Z">
          <reporter-output>
          </reporter-output>
        </test-method> <!-- validate_Forgotpasswordlink -->
        <test-method status="PASS" signature="tearDown()[pri:0, instance:com.orangehrm.qa.tests.LoginPageTests@5e3a8624]" name="tearDown" is-config="true" duration-ms="1050" started-at="2020-11-28T09:21:55Z" finished-at="2020-11-28T09:21:56Z">
          <reporter-output>
          </reporter-output>
        </test-method> <!-- tearDown -->
        <test-method status="PASS" signature="setUp()[pri:0, instance:com.orangehrm.qa.tests.LoginPageTests@5e3a8624]" name="setUp" is-config="true" duration-ms="8048" started-at="2020-11-28T09:21:56Z" finished-at="2020-11-28T09:22:05Z">
          <reporter-output>
          </reporter-output>
        </test-method> <!-- setUp -->
        <test-method status="PASS" signature="validate_invalidpwdmsg()[pri:5, instance:com.orangehrm.qa.tests.LoginPageTests@5e3a8624]" name="validate_invalidpwdmsg" duration-ms="2350" started-at="2020-11-28T09:22:05Z" finished-at="2020-11-28T09:22:07Z">
          <reporter-output>
          </reporter-output>
        </test-method> <!-- validate_invalidpwdmsg -->
        <test-method status="PASS" signature="tearDown()[pri:0, instance:com.orangehrm.qa.tests.LoginPageTests@5e3a8624]" name="tearDown" is-config="true" duration-ms="886" started-at="2020-11-28T09:22:07Z" finished-at="2020-11-28T09:22:08Z">
          <reporter-output>
          </reporter-output>
        </test-method> <!-- tearDown -->
      </class> <!-- com.orangehrm.qa.tests.LoginPageTests -->
    </test> <!-- Test -->
  </suite> <!-- AllTestsSuite -->
</testng-results>
