<?xml version="1.0" encoding="UTF-8"?>
<!-- Generated by org.testng.reporters.JUnitXMLReporter -->
<testsuite hostname="DELL" ignored="0" name="Test" tests="13" failures="3" timestamp="27 Nov 2020 16:36:21 GMT" time="376.26" errors="0">
  <testcase name="addEmergencycontacts" time="3.864" classname="com.orangehrm.qa.tests.EmergencyContactsDDtest"/>
  <testcase name="addEmergencycontacts" time="3.718" classname="com.orangehrm.qa.tests.EmergencyContactsDDtest"/>
  <testcase name="validatemyinfodetails" time="7.716" classname="com.orangehrm.qa.tests.MyInfoPersonalDetailsDDtest"/>
  <testcase name="validatemyinfodetails" time="24.402" classname="com.orangehrm.qa.tests.MyInfoPersonalDetailsDDtest">
    <failure type="java.lang.AssertionError" message="couldnt save details.. expected [true] but found [false]">
      <![CDATA[java.lang.AssertionError: couldnt save details.. expected [true] but found [false]
	at com.orangehrm.qa.pages.MyInfo.validatingmyinfodetails(MyInfo.java:154)
	at com.orangehrm.qa.tests.MyInfoPersonalDetailsDDtest.validatemyinfodetails(MyInfoPersonalDetailsDDtest.java:48)
... Removed 28 stack frames]]>
    </failure>
  </testcase> <!-- validatemyinfodetails -->
  <testcase name="validatemyinfodetails" time="6.693" classname="com.orangehrm.qa.tests.MyInfoPersonalDetailsDDtest"/>
  <testcase name="validatemyinfodetails" time="6.269" classname="com.orangehrm.qa.tests.MyInfoPersonalDetailsDDtest"/>
  <testcase name="validatemyinfodetails" time="6.307" classname="com.orangehrm.qa.tests.MyInfoPersonalDetailsDDtest"/>
  <testcase name="validatemyinfodetails" time="24.19" classname="com.orangehrm.qa.tests.MyInfoPersonalDetailsDDtest">
    <failure type="java.lang.AssertionError" message="couldnt save details.. expected [true] but found [false]">
      <![CDATA[java.lang.AssertionError: couldnt save details.. expected [true] but found [false]
	at com.orangehrm.qa.pages.MyInfo.validatingmyinfodetails(MyInfo.java:154)
	at com.orangehrm.qa.tests.MyInfoPersonalDetailsDDtest.validatemyinfodetails(MyInfoPersonalDetailsDDtest.java:48)
... Removed 28 stack frames]]>
    </failure>
  </testcase> <!-- validatemyinfodetails -->
  <testcase name="validatemyinfodetails" time="24.332" classname="com.orangehrm.qa.tests.MyInfoPersonalDetailsDDtest">
    <failure type="java.lang.AssertionError" message="couldnt save details.. expected [true] but found [false]">
      <![CDATA[java.lang.AssertionError: couldnt save details.. expected [true] but found [false]
	at com.orangehrm.qa.pages.MyInfo.validatingmyinfodetails(MyInfo.java:154)
	at com.orangehrm.qa.tests.MyInfoPersonalDetailsDDtest.validatemyinfodetails(MyInfoPersonalDetailsDDtest.java:48)
... Removed 28 stack frames]]>
    </failure>
  </testcase> <!-- validatemyinfodetails -->
  <testcase name="verifyLoginIdPasswords" time="9.399" classname="com.orangehrm.qa.tests.LoginPageDDtest"/>
  <testcase name="verifyLoginIdPasswords" time="2.849" classname="com.orangehrm.qa.tests.LoginPageDDtest"/>
  <testcase name="verifyLoginIdPasswords" time="2.23" classname="com.orangehrm.qa.tests.LoginPageDDtest"/>
  <testcase name="verifyLoginIdPasswords" time="9.064" classname="com.orangehrm.qa.tests.LoginPageDDtest"/>
</testsuite> <!-- Test -->
